#
# There is insufficient memory for the Java Runtime Environment to continue.
# Native memory allocation (malloc) failed to allocate 1115296 bytes. Error detail: Chunk::new
# Possible reasons:
#   The system is out of physical RAM or swap space
#   This process is running with CompressedOops enabled, and the Java Heap may be blocking the growth of the native heap
# Possible solutions:
#   Reduce memory load on the system
#   Increase physical memory or swap space
#   Check if swap backing store is full
#   Decrease Java heap size (-Xmx/-Xms)
#   Decrease number of Java threads
#   Decrease Java thread stack sizes (-Xss)
#   Set larger code cache with -XX:ReservedCodeCacheSize=
#   JVM is running with Unscaled Compressed Oops mode in which the Java heap is
#     placed in the first 4GB address space. The Java Heap base address is the
#     maximum limit for the native heap growth. Please use -XX:HeapBaseMinAddress
#     to set the Java Heap base and to place the Java Heap above 4GB virtual address.
# This output file may be truncated or incomplete.
#
#  Out of Memory Error (arena.cpp:168), pid=10676, tid=7860
#
# JRE version: OpenJDK Runtime Environment Temurin-21.0.7+6 (21.0.7+6) (build 21.0.7+6-LTS)
# Java VM: OpenJDK 64-Bit Server VM Temurin-21.0.7+6 (21.0.7+6-LTS, mixed mode, sharing, tiered, compressed oops, compressed class ptrs, parallel gc, windows-amd64)
# No core dump will be written. Minidumps are not enabled by default on client versions of Windows
#

---------------  S U M M A R Y ------------

Command Line: --add-modules=ALL-SYSTEM --add-opens=java.base/java.util=ALL-UNNAMED --add-opens=java.base/java.lang=ALL-UNNAMED --add-opens=java.base/sun.nio.fs=ALL-UNNAMED -Declipse.application=org.eclipse.jdt.ls.core.id1 -Dosgi.bundles.defaultStartLevel=4 -Declipse.product=org.eclipse.jdt.ls.core.product -Djava.import.generatesMetadataFilesAtProjectRoot=false -DDetectVMInstallationsJob.disabled=true -Dfile.encoding=utf8 -XX:+UseParallelGC -XX:GCTimeRatio=4 -XX:AdaptiveSizePolicyWeight=90 -Dsun.zip.disableMemoryMapping=true -Xmx1G -Xms100m -Xlog:disable -javaagent:c:\Users\DELL\.vscode\extensions\redhat.java-1.42.0-win32-x64\lombok\lombok-1.18.36.jar -XX:+HeapDumpOnOutOfMemoryError -XX:HeapDumpPath=c:\Users\DELL\AppData\Roaming\Code\User\workspaceStorage\8016a7b3e50ae889a76997b9f3896e72\redhat.java -Daether.dependencyCollector.impl=bf c:\Users\DELL\.vscode\extensions\redhat.java-1.42.0-win32-x64\server\plugins\org.eclipse.equinox.launcher_1.7.0.v20250424-1814.jar -configuration c:\Users\DELL\AppData\Roaming\Code\User\globalStorage\redhat.java\1.42.0\config_win -data c:\Users\DELL\AppData\Roaming\Code\User\workspaceStorage\8016a7b3e50ae889a76997b9f3896e72\redhat.java\jdt_ws --pipe=\\.\pipe\lsp-1c20733350cd0d7a91e9e1f10c5e88ff-sock

Host: Intel(R) Core(TM) i5-8265U CPU @ 1.60GHz, 8 cores, 7G,  Windows 10 , 64 bit Build 19041 (10.0.19041.3570)
Time: Tue May 27 16:03:44 2025 Libya Standard Time elapsed time: 132.035180 seconds (0d 0h 2m 12s)

---------------  T H R E A D  ---------------

Current thread (0x0000025164e85ac0):  JavaThread "C2 CompilerThread0" daemon [_thread_in_native, id=7860, stack(0x0000009f64500000,0x0000009f64600000) (1024K)]


Current CompileTask:
C2:132035 10574   !   4       org.eclipse.jdt.internal.compiler.classfmt.ClassFileReader::<init> (2135 bytes)

Stack: [0x0000009f64500000,0x0000009f64600000]
Native frames: (J=compiled Java code, j=interpreted, Vv=VM code, C=native code)
V  [jvm.dll+0x6ce119]
V  [jvm.dll+0x8a84a1]
V  [jvm.dll+0x8aa9ce]
V  [jvm.dll+0x8ab0b3]
V  [jvm.dll+0x27f8a6]
V  [jvm.dll+0xc507d]
V  [jvm.dll+0xc55b3]
V  [jvm.dll+0x2f2c6d]
V  [jvm.dll+0x5f6bca]
V  [jvm.dll+0x250cb2]
V  [jvm.dll+0x25106f]
V  [jvm.dll+0x249934]
V  [jvm.dll+0x246fc4]
V  [jvm.dll+0x1c760e]
V  [jvm.dll+0x25695a]
V  [jvm.dll+0x254efa]
V  [jvm.dll+0x3f03f6]
V  [jvm.dll+0x851f6b]
V  [jvm.dll+0x6cc7dd]
C  [ucrtbase.dll+0x21bb2]
C  [KERNEL32.DLL+0x17344]
C  [ntdll.dll+0x526b1]


---------------  P R O C E S S  ---------------

Threads class SMR info:
_java_thread_list=0x0000025170714690, length=49, elements={
0x000002514e8f6240, 0x0000025164e78260, 0x0000025164e799c0, 0x0000025164e7b220,
0x0000025164e7c3b0, 0x0000025164e7d2c0, 0x0000025164e84d40, 0x0000025164e85ac0,
0x0000025164e9dad0, 0x0000025166926d00, 0x0000025166b8e060, 0x000002516b9107a0,
0x000002516b712860, 0x000002516b90dbe0, 0x000002516b908780, 0x000002516ba33790,
0x000002516b970050, 0x000002516bcd85a0, 0x000002516bcd64d0, 0x000002516bcd8c30,
0x000002516bcd71f0, 0x000002516bcd7880, 0x000002516bcd92c0, 0x000002516cfdd2f0,
0x000002516cfdd980, 0x000002516cfde010, 0x000002516cfde6a0, 0x000002516cfded30,
0x000002516cfdab90, 0x000002516cfd8ac0, 0x000002516cfdf3c0, 0x000002516cfdfa50,
0x000002516cfdbf40, 0x000002516cfdcc60, 0x000002516cfe00e0, 0x000002516cfd9150,
0x000002516cfdc5d0, 0x000002516cfd9e70, 0x000002516de10f00, 0x000002516de11c20,
0x000002516de0ee30, 0x000002516de122b0, 0x000002516de12fd0, 0x000002516de0f4c0,
0x000002516de11590, 0x000002516de15730, 0x000002516de13cf0, 0x000002516de150a0,
0x0000025171a75a40
}

Java Threads: ( => current thread )
  0x000002514e8f6240 JavaThread "main"                              [_thread_blocked, id=10908, stack(0x0000009f63b00000,0x0000009f63c00000) (1024K)]
  0x0000025164e78260 JavaThread "Reference Handler"          daemon [_thread_blocked, id=7320, stack(0x0000009f63f00000,0x0000009f64000000) (1024K)]
  0x0000025164e799c0 JavaThread "Finalizer"                  daemon [_thread_blocked, id=7228, stack(0x0000009f64000000,0x0000009f64100000) (1024K)]
  0x0000025164e7b220 JavaThread "Signal Dispatcher"          daemon [_thread_blocked, id=11236, stack(0x0000009f64100000,0x0000009f64200000) (1024K)]
  0x0000025164e7c3b0 JavaThread "Attach Listener"            daemon [_thread_blocked, id=18260, stack(0x0000009f64200000,0x0000009f64300000) (1024K)]
  0x0000025164e7d2c0 JavaThread "Service Thread"             daemon [_thread_blocked, id=15316, stack(0x0000009f64300000,0x0000009f64400000) (1024K)]
  0x0000025164e84d40 JavaThread "Monitor Deflation Thread"   daemon [_thread_blocked, id=3096, stack(0x0000009f64400000,0x0000009f64500000) (1024K)]
=>0x0000025164e85ac0 JavaThread "C2 CompilerThread0"         daemon [_thread_in_native, id=7860, stack(0x0000009f64500000,0x0000009f64600000) (1024K)]
  0x0000025164e9dad0 JavaThread "C1 CompilerThread0"         daemon [_thread_blocked, id=13876, stack(0x0000009f64600000,0x0000009f64700000) (1024K)]
  0x0000025166926d00 JavaThread "Common-Cleaner"             daemon [_thread_blocked, id=14488, stack(0x0000009f64700000,0x0000009f64800000) (1024K)]
  0x0000025166b8e060 JavaThread "Notification Thread"        daemon [_thread_blocked, id=13012, stack(0x0000009f64900000,0x0000009f64a00000) (1024K)]
  0x000002516b9107a0 JavaThread "Active Thread: Equinox Container: 881d5c52-8d8d-47ae-a261-cc12e3a8bd88"        [_thread_blocked, id=4424, stack(0x0000009f65000000,0x0000009f65100000) (1024K)]
  0x000002516b712860 JavaThread "Refresh Thread: Equinox Container: 881d5c52-8d8d-47ae-a261-cc12e3a8bd88" daemon [_thread_blocked, id=2548, stack(0x0000009f65200000,0x0000009f65300000) (1024K)]
  0x000002516b90dbe0 JavaThread "Framework Event Dispatcher: Equinox Container: 881d5c52-8d8d-47ae-a261-cc12e3a8bd88" daemon [_thread_blocked, id=14440, stack(0x0000009f65300000,0x0000009f65400000) (1024K)]
  0x000002516b908780 JavaThread "Start Level: Equinox Container: 881d5c52-8d8d-47ae-a261-cc12e3a8bd88" daemon [_thread_blocked, id=18348, stack(0x0000009f65400000,0x0000009f65500000) (1024K)]
  0x000002516ba33790 JavaThread "Bundle File Closer"         daemon [_thread_blocked, id=9944, stack(0x0000009f65500000,0x0000009f65600000) (1024K)]
  0x000002516b970050 JavaThread "SCR Component Actor"        daemon [_thread_blocked, id=15680, stack(0x0000009f65600000,0x0000009f65700000) (1024K)]
  0x000002516bcd85a0 JavaThread "Worker-JM"                         [_thread_blocked, id=4552, stack(0x0000009f64800000,0x0000009f64900000) (1024K)]
  0x000002516bcd64d0 JavaThread "Worker-0"                          [_thread_blocked, id=1296, stack(0x0000009f65900000,0x0000009f65a00000) (1024K)]
  0x000002516bcd8c30 JavaThread "Worker-1"                          [_thread_blocked, id=4344, stack(0x0000009f65a00000,0x0000009f65b00000) (1024K)]
  0x000002516bcd71f0 JavaThread "Java indexing"              daemon [_thread_blocked, id=11592, stack(0x0000009f65c00000,0x0000009f65d00000) (1024K)]
  0x000002516bcd7880 JavaThread "JNA Cleaner"                daemon [_thread_blocked, id=13964, stack(0x0000009f65f00000,0x0000009f66000000) (1024K)]
  0x000002516bcd92c0 JavaThread "Worker-4"                          [_thread_blocked, id=436, stack(0x0000009f66200000,0x0000009f66300000) (1024K)]
  0x000002516cfdd2f0 JavaThread "Thread-2"                   daemon [_thread_in_native, id=1836, stack(0x0000009f66400000,0x0000009f66500000) (1024K)]
  0x000002516cfdd980 JavaThread "Thread-3"                   daemon [_thread_in_native, id=17640, stack(0x0000009f66500000,0x0000009f66600000) (1024K)]
  0x000002516cfde010 JavaThread "Thread-4"                   daemon [_thread_in_native, id=6200, stack(0x0000009f66600000,0x0000009f66700000) (1024K)]
  0x000002516cfde6a0 JavaThread "Thread-5"                   daemon [_thread_in_native, id=5824, stack(0x0000009f66700000,0x0000009f66800000) (1024K)]
  0x000002516cfded30 JavaThread "Thread-6"                   daemon [_thread_in_native, id=9404, stack(0x0000009f66800000,0x0000009f66900000) (1024K)]
  0x000002516cfdab90 JavaThread "Thread-7"                   daemon [_thread_in_native, id=6972, stack(0x0000009f66900000,0x0000009f66a00000) (1024K)]
  0x000002516cfd8ac0 JavaThread "Thread-8"                   daemon [_thread_in_native, id=4012, stack(0x0000009f66a00000,0x0000009f66b00000) (1024K)]
  0x000002516cfdf3c0 JavaThread "Thread-9"                   daemon [_thread_in_native, id=6916, stack(0x0000009f66b00000,0x0000009f66c00000) (1024K)]
  0x000002516cfdfa50 JavaThread "Thread-10"                  daemon [_thread_in_native, id=18296, stack(0x0000009f66c00000,0x0000009f66d00000) (1024K)]
  0x000002516cfdbf40 JavaThread "pool-2-thread-1"                   [_thread_blocked, id=1592, stack(0x0000009f66d00000,0x0000009f66e00000) (1024K)]
  0x000002516cfdcc60 JavaThread "WorkspaceEventsHandler"            [_thread_blocked, id=11028, stack(0x0000009f66e00000,0x0000009f66f00000) (1024K)]
  0x000002516cfe00e0 JavaThread "pool-1-thread-1"                   [_thread_blocked, id=11432, stack(0x0000009f66f00000,0x0000009f67000000) (1024K)]
  0x000002516cfd9150 JavaThread "Timer-0"                           [_thread_blocked, id=7448, stack(0x0000009f65700000,0x0000009f65800000) (1024K)]
  0x000002516cfdc5d0 JavaThread "Timer-1"                           [_thread_blocked, id=9576, stack(0x0000009f65800000,0x0000009f65900000) (1024K)]
  0x000002516cfd9e70 JavaThread "Timer-2"                           [_thread_blocked, id=18272, stack(0x0000009f67000000,0x0000009f67100000) (1024K)]
  0x000002516de10f00 JavaThread "LocalFile Deleter"          daemon [_thread_blocked, id=9368, stack(0x0000009f67300000,0x0000009f67400000) (1024K)]
  0x000002516de11c20 JavaThread "LocalFile Deleter"          daemon [_thread_blocked, id=10444, stack(0x0000009f67400000,0x0000009f67500000) (1024K)]
  0x000002516de0ee30 JavaThread "Timer-3"                           [_thread_blocked, id=8860, stack(0x0000009f67700000,0x0000009f67800000) (1024K)]
  0x000002516de122b0 JavaThread "Timer-4"                           [_thread_blocked, id=11452, stack(0x0000009f67800000,0x0000009f67900000) (1024K)]
  0x000002516de12fd0 JavaThread "Timer-5"                           [_thread_blocked, id=12208, stack(0x0000009f63a00000,0x0000009f63b00000) (1024K)]
  0x000002516de0f4c0 JavaThread "Timer-6"                           [_thread_blocked, id=15472, stack(0x0000009f65b00000,0x0000009f65c00000) (1024K)]
  0x000002516de11590 JavaThread "Timer-7"                           [_thread_blocked, id=15640, stack(0x0000009f65d00000,0x0000009f65e00000) (1024K)]
  0x000002516de15730 JavaThread "Worker-6"                          [_thread_blocked, id=7504, stack(0x0000009f63800000,0x0000009f63900000) (1024K)]
  0x000002516de13cf0 JavaThread "Worker-7: Java indexing... "        [_thread_blocked, id=12684, stack(0x0000009f67100000,0x0000009f67200000) (1024K)]
  0x000002516de150a0 JavaThread "Worker-8: Check JDK Index"         [_thread_blocked, id=16564, stack(0x0000009f65e00000,0x0000009f65f00000) (1024K)]
  0x0000025171a75a40 JavaThread "C2 CompilerThread1"         daemon [_thread_blocked, id=7248, stack(0x0000009f66300000,0x0000009f66400000) (1024K)]
Total: 49

Other Threads:
  0x0000025150b9ea20 VMThread "VM Thread"                           [id=7200, stack(0x0000009f63e00000,0x0000009f63f00000) (1024K)]
  0x0000025164d51c40 WatcherThread "VM Periodic Task Thread"        [id=11696, stack(0x0000009f63d00000,0x0000009f63e00000) (1024K)]
  0x0000025150aeb170 WorkerThread "GC Thread#0"                     [id=4492, stack(0x0000009f63c00000,0x0000009f63d00000) (1024K)]
  0x0000025166c1d2f0 WorkerThread "GC Thread#1"                     [id=13036, stack(0x0000009f64a00000,0x0000009f64b00000) (1024K)]
  0x0000025166c1d690 WorkerThread "GC Thread#2"                     [id=16836, stack(0x0000009f64b00000,0x0000009f64c00000) (1024K)]
  0x000002516b91a540 WorkerThread "GC Thread#3"                     [id=848, stack(0x0000009f64c00000,0x0000009f64d00000) (1024K)]
  0x000002516b91a8e0 WorkerThread "GC Thread#4"                     [id=17276, stack(0x0000009f64d00000,0x0000009f64e00000) (1024K)]
  0x0000025166b82500 WorkerThread "GC Thread#5"                     [id=5184, stack(0x0000009f64e00000,0x0000009f64f00000) (1024K)]
  0x0000025166b828a0 WorkerThread "GC Thread#6"                     [id=9652, stack(0x0000009f64f00000,0x0000009f65000000) (1024K)]
  0x000002516b6aefc0 WorkerThread "GC Thread#7"                     [id=2180, stack(0x0000009f65100000,0x0000009f65200000) (1024K)]
Total: 10

Threads with active compile tasks:
C2 CompilerThread0  132118 10574   !   4       org.eclipse.jdt.internal.compiler.classfmt.ClassFileReader::<init> (2135 bytes)
C2 CompilerThread1  132118 10579       4       org.eclipse.jdt.internal.compiler.classfmt.MethodInfo::createMethod (710 bytes)
Total: 2

VM state: at safepoint (normal execution)

VM Mutex/Monitor currently owned by a thread:  ([mutex/lock_event])
[0x00007ffb780fe308] Threads_lock - owner thread: 0x0000025150b9ea20
[0x00007ffb780fe408] Heap_lock - owner thread: 0x000002516bcd71f0

Heap address: 0x00000000c0000000, size: 1024 MB, Compressed Oops mode: 32-bit

CDS archive(s) mapped at: [0x0000025100000000-0x0000025100ba0000-0x0000025100ba0000), size 12189696, SharedBaseAddress: 0x0000025100000000, ArchiveRelocationMode: 1.
Compressed class space mapped at: 0x0000025101000000-0x0000025141000000, reserved size: 1073741824
Narrow klass base: 0x0000025100000000, Narrow klass shift: 0, Narrow klass range: 0x100000000

GC Precious Log:
 CardTable entry size: 512
 CPUs: 8 total, 8 available
 Memory: 8039M
 Large Page Support: Disabled
 NUMA Support: Disabled
 Compressed Oops: Enabled (32-bit)
 Alignments: Space 512K, Generation 512K, Heap 2M
 Heap Min Capacity: 100M
 Heap Initial Capacity: 100M
 Heap Max Capacity: 1G
 Pre-touch: Disabled
 Parallel Workers: 8

Heap:
 PSYoungGen      total 3584K, used 3582K [0x00000000eab00000, 0x00000000eaf80000, 0x0000000100000000)
  eden space 3072K, 99% used [0x00000000eab00000,0x00000000eadffac8,0x00000000eae00000)
  from space 512K, 100% used [0x00000000eae80000,0x00000000eaf00000,0x00000000eaf00000)
  to   space 512K, 93% used [0x00000000eaf00000,0x00000000eaf78000,0x00000000eaf80000)
 ParOldGen       total 537600K, used 537595K [0x00000000c0000000, 0x00000000e0d00000, 0x00000000eab00000)
  object space 537600K, 99% used [0x00000000c0000000,0x00000000e0cfee68,0x00000000e0d00000)
 Metaspace       used 73277K, committed 74816K, reserved 1179648K
  class space    used 8784K, committed 9472K, reserved 1048576K

Card table byte_map: [0x00000251504a0000,0x00000251506b0000] _byte_map_base: 0x000002514fea0000

Marking Bits: (ParMarkBitMap*) 0x00007ffb781031f0
 Begin Bits: [0x0000025162cd0000, 0x0000025163cd0000)
 End Bits:   [0x0000025163cd0000, 0x0000025164cd0000)

Polling page: 0x000002514eae0000

Metaspace:

Usage:
  Non-class:     62.98 MB used.
      Class:      8.58 MB used.
       Both:     71.56 MB used.

Virtual space:
  Non-class space:      128.00 MB reserved,      63.81 MB ( 50%) committed,  2 nodes.
      Class space:        1.00 GB reserved,       9.25 MB ( <1%) committed,  1 nodes.
             Both:        1.12 GB reserved,      73.06 MB (  6%) committed. 

Chunk freelists:
   Non-Class:  15.34 MB
       Class:  6.78 MB
        Both:  22.13 MB

MaxMetaspaceSize: unlimited
CompressedClassSpaceSize: 1.00 GB
Initial GC threshold: 21.00 MB
Current GC threshold: 97.31 MB
CDS: on
 - commit_granule_bytes: 65536.
 - commit_granule_words: 8192.
 - virtual_space_node_default_size: 8388608.
 - enlarge_chunks_in_place: 1.
 - use_allocation_guard: 0.


Internal statistics:

num_allocs_failed_limit: 11.
num_arena_births: 1302.
num_arena_deaths: 14.
num_vsnodes_births: 3.
num_vsnodes_deaths: 0.
num_space_committed: 1169.
num_space_uncommitted: 0.
num_chunks_returned_to_freelist: 25.
num_chunks_taken_from_freelist: 4463.
num_chunk_merges: 15.
num_chunk_splits: 2872.
num_chunks_enlarged: 1779.
num_inconsistent_stats: 0.

CodeHeap 'non-profiled nmethods': size=120000Kb used=10010Kb max_used=10010Kb free=109989Kb
 bounds [0x000002515b7a0000, 0x000002515c170000, 0x0000025162cd0000]
CodeHeap 'profiled nmethods': size=120000Kb used=20920Kb max_used=20920Kb free=99080Kb
 bounds [0x0000025153cd0000, 0x0000025155140000, 0x000002515b200000]
CodeHeap 'non-nmethods': size=5760Kb used=1444Kb max_used=1562Kb free=4315Kb
 bounds [0x000002515b200000, 0x000002515b470000, 0x000002515b7a0000]
 total_blobs=10597 nmethods=9843 adapters=660
 compilation: enabled
              stopped_count=0, restarted_count=0
 full_count=0

Compilation events (20 events):
Event: 131.541 Thread 0x0000025164e9dad0 10570       3       org.eclipse.jdt.internal.compiler.classfmt.MethodInfo::createMethod (710 bytes)
Event: 131.545 Thread 0x0000025164e9dad0 nmethod 10570 0x000002515511a510 code [0x000002515511aa00, 0x000002515511d908]
Event: 131.546 Thread 0x0000025164e9dad0 10571   !   3       org.eclipse.jdt.internal.compiler.classfmt.ClassFileReader::<init> (2135 bytes)
Event: 131.566 Thread 0x0000025164e9dad0 nmethod 10571 0x000002515511ea10 code [0x000002515511f500, 0x00000251551285f0]
Event: 131.566 Thread 0x0000025164e9dad0 10572       3       org.eclipse.jdt.internal.compiler.classfmt.FieldInfo::createField (450 bytes)
Event: 131.569 Thread 0x0000025164e9dad0 nmethod 10572 0x000002515512eb90 code [0x000002515512ef40, 0x0000025155130e68]
Event: 131.594 Thread 0x0000025164e9dad0 10573       3       org.eclipse.jdt.internal.compiler.classfmt.ClassFileReader::getMemberTypes (151 bytes)
Event: 131.595 Thread 0x0000025164e9dad0 nmethod 10573 0x0000025155131990 code [0x0000025155131ba0, 0x0000025155132430]
Event: 131.680 Thread 0x0000025164e85ac0 10574   !   4       org.eclipse.jdt.internal.compiler.classfmt.ClassFileReader::<init> (2135 bytes)
Event: 131.703 Thread 0x0000025164e9dad0 10575 % !   2       org.eclipse.jdt.internal.core.search.indexing.BinaryIndexer::indexDocument @ 850 (1168 bytes)
Event: 131.720 Thread 0x0000025164e9dad0 nmethod 10575% 0x0000025155132690 code [0x0000025155132dc0, 0x00000251551364e0]
Event: 131.725 Thread 0x0000025164e9dad0 10577       3       org.eclipse.jdt.internal.compiler.classfmt.TypeAnnotationInfo::<init> (445 bytes)
Event: 131.728 Thread 0x0000025164e9dad0 nmethod 10577 0x000002515513a010 code [0x000002515513a2c0, 0x000002515513b7f0]
Event: 131.728 Thread 0x0000025164e9dad0 10578       3       org.eclipse.jdt.internal.compiler.classfmt.TypeAnnotationInfo::<init> (18 bytes)
Event: 131.729 Thread 0x0000025164e9dad0 nmethod 10578 0x000002515513bf90 code [0x000002515513c140, 0x000002515513c348]
Event: 131.798 Thread 0x0000025164e9dad0 10580       3       org.eclipse.jdt.internal.compiler.classfmt.MethodInfo::decodeTypeAnnotations (88 bytes)
Event: 131.799 Thread 0x0000025164e9dad0 nmethod 10580 0x000002515513c490 code [0x000002515513c680, 0x000002515513ccf0]
Event: 131.959 Thread 0x0000025164e9dad0 10583       3       org.eclipse.jdt.internal.compiler.util.Util::scanTypeVariableSignature (60 bytes)
Event: 131.960 Thread 0x0000025164e9dad0 nmethod 10583 0x000002515513cf90 code [0x000002515513d220, 0x000002515513dbf0]
Event: 131.961 Thread 0x0000025171a75a40 10579       4       org.eclipse.jdt.internal.compiler.classfmt.MethodInfo::createMethod (710 bytes)

GC Heap History (20 events):
Event: 131.828 GC heap before
{Heap before GC invocations=488 (full 3):
 PSYoungGen      total 3584K, used 3584K [0x00000000eab00000, 0x00000000eb000000, 0x0000000100000000)
  eden space 3072K, 100% used [0x00000000eab00000,0x00000000eae00000,0x00000000eae00000)
  from space 512K, 100% used [0x00000000eaf00000,0x00000000eaf80000,0x00000000eaf80000)
  to   space 1024K, 0% used [0x00000000eae00000,0x00000000eae00000,0x00000000eaf00000)
 ParOldGen       total 533504K, used 533339K [0x00000000c0000000, 0x00000000e0900000, 0x00000000eab00000)
  object space 533504K, 99% used [0x00000000c0000000,0x00000000e08d6e68,0x00000000e0900000)
 Metaspace       used 73277K, committed 74816K, reserved 1179648K
  class space    used 8784K, committed 9472K, reserved 1048576K
}
Event: 131.832 GC heap after
{Heap after GC invocations=488 (full 3):
 PSYoungGen      total 4096K, used 448K [0x00000000eab00000, 0x00000000eaf80000, 0x0000000100000000)
  eden space 3072K, 0% used [0x00000000eab00000,0x00000000eab00000,0x00000000eae00000)
  from space 1024K, 43% used [0x00000000eae00000,0x00000000eae70000,0x00000000eaf00000)
  to   space 512K, 0% used [0x00000000eaf00000,0x00000000eaf00000,0x00000000eaf80000)
 ParOldGen       total 534016K, used 533739K [0x00000000c0000000, 0x00000000e0980000, 0x00000000eab00000)
  object space 534016K, 99% used [0x00000000c0000000,0x00000000e093ae68,0x00000000e0980000)
 Metaspace       used 73277K, committed 74816K, reserved 1179648K
  class space    used 8784K, committed 9472K, reserved 1048576K
}
Event: 131.888 GC heap before
{Heap before GC invocations=489 (full 3):
 PSYoungGen      total 4096K, used 3520K [0x00000000eab00000, 0x00000000eaf80000, 0x0000000100000000)
  eden space 3072K, 100% used [0x00000000eab00000,0x00000000eae00000,0x00000000eae00000)
  from space 1024K, 43% used [0x00000000eae00000,0x00000000eae70000,0x00000000eaf00000)
  to   space 512K, 0% used [0x00000000eaf00000,0x00000000eaf00000,0x00000000eaf80000)
 ParOldGen       total 534016K, used 533739K [0x00000000c0000000, 0x00000000e0980000, 0x00000000eab00000)
  object space 534016K, 99% used [0x00000000c0000000,0x00000000e093ae68,0x00000000e0980000)
 Metaspace       used 73277K, committed 74816K, reserved 1179648K
  class space    used 8784K, committed 9472K, reserved 1048576K
}
Event: 131.890 GC heap after
{Heap after GC invocations=489 (full 3):
 PSYoungGen      total 3584K, used 512K [0x00000000eab00000, 0x00000000eb000000, 0x0000000100000000)
  eden space 3072K, 0% used [0x00000000eab00000,0x00000000eab00000,0x00000000eae00000)
  from space 512K, 100% used [0x00000000eaf00000,0x00000000eaf80000,0x00000000eaf80000)
  to   space 1024K, 0% used [0x00000000eae00000,0x00000000eae00000,0x00000000eaf00000)
 ParOldGen       total 534528K, used 534099K [0x00000000c0000000, 0x00000000e0a00000, 0x00000000eab00000)
  object space 534528K, 99% used [0x00000000c0000000,0x00000000e0994e68,0x00000000e0a00000)
 Metaspace       used 73277K, committed 74816K, reserved 1179648K
  class space    used 8784K, committed 9472K, reserved 1048576K
}
Event: 131.904 GC heap before
{Heap before GC invocations=490 (full 3):
 PSYoungGen      total 3584K, used 3584K [0x00000000eab00000, 0x00000000eb000000, 0x0000000100000000)
  eden space 3072K, 100% used [0x00000000eab00000,0x00000000eae00000,0x00000000eae00000)
  from space 512K, 100% used [0x00000000eaf00000,0x00000000eaf80000,0x00000000eaf80000)
  to   space 1024K, 0% used [0x00000000eae00000,0x00000000eae00000,0x00000000eaf00000)
 ParOldGen       total 534528K, used 534099K [0x00000000c0000000, 0x00000000e0a00000, 0x00000000eab00000)
  object space 534528K, 99% used [0x00000000c0000000,0x00000000e0994e68,0x00000000e0a00000)
 Metaspace       used 73277K, committed 74816K, reserved 1179648K
  class space    used 8784K, committed 9472K, reserved 1048576K
}
Event: 131.906 GC heap after
{Heap after GC invocations=490 (full 3):
 PSYoungGen      total 4096K, used 512K [0x00000000eab00000, 0x00000000eb000000, 0x0000000100000000)
  eden space 3072K, 0% used [0x00000000eab00000,0x00000000eab00000,0x00000000eae00000)
  from space 1024K, 50% used [0x00000000eae00000,0x00000000eae80000,0x00000000eaf00000)
  to   space 1024K, 0% used [0x00000000eaf00000,0x00000000eaf00000,0x00000000eb000000)
 ParOldGen       total 534528K, used 534475K [0x00000000c0000000, 0x00000000e0a00000, 0x00000000eab00000)
  object space 534528K, 99% used [0x00000000c0000000,0x00000000e09f2e68,0x00000000e0a00000)
 Metaspace       used 73277K, committed 74816K, reserved 1179648K
  class space    used 8784K, committed 9472K, reserved 1048576K
}
Event: 131.919 GC heap before
{Heap before GC invocations=491 (full 3):
 PSYoungGen      total 4096K, used 3572K [0x00000000eab00000, 0x00000000eb000000, 0x0000000100000000)
  eden space 3072K, 99% used [0x00000000eab00000,0x00000000eadfd150,0x00000000eae00000)
  from space 1024K, 50% used [0x00000000eae00000,0x00000000eae80000,0x00000000eaf00000)
  to   space 1024K, 0% used [0x00000000eaf00000,0x00000000eaf00000,0x00000000eb000000)
 ParOldGen       total 534528K, used 534475K [0x00000000c0000000, 0x00000000e0a00000, 0x00000000eab00000)
  object space 534528K, 99% used [0x00000000c0000000,0x00000000e09f2e68,0x00000000e0a00000)
 Metaspace       used 73277K, committed 74816K, reserved 1179648K
  class space    used 8784K, committed 9472K, reserved 1048576K
}
Event: 131.921 GC heap after
{Heap after GC invocations=491 (full 3):
 PSYoungGen      total 3584K, used 480K [0x00000000eab00000, 0x00000000eaf80000, 0x0000000100000000)
  eden space 3072K, 0% used [0x00000000eab00000,0x00000000eab00000,0x00000000eae00000)
  from space 512K, 93% used [0x00000000eaf00000,0x00000000eaf78000,0x00000000eaf80000)
  to   space 512K, 0% used [0x00000000eae80000,0x00000000eae80000,0x00000000eaf00000)
 ParOldGen       total 535040K, used 534883K [0x00000000c0000000, 0x00000000e0a80000, 0x00000000eab00000)
  object space 535040K, 99% used [0x00000000c0000000,0x00000000e0a58e68,0x00000000e0a80000)
 Metaspace       used 73277K, committed 74816K, reserved 1179648K
  class space    used 8784K, committed 9472K, reserved 1048576K
}
Event: 131.934 GC heap before
{Heap before GC invocations=492 (full 3):
 PSYoungGen      total 3584K, used 3552K [0x00000000eab00000, 0x00000000eaf80000, 0x0000000100000000)
  eden space 3072K, 100% used [0x00000000eab00000,0x00000000eae00000,0x00000000eae00000)
  from space 512K, 93% used [0x00000000eaf00000,0x00000000eaf78000,0x00000000eaf80000)
  to   space 512K, 0% used [0x00000000eae80000,0x00000000eae80000,0x00000000eaf00000)
 ParOldGen       total 535040K, used 534883K [0x00000000c0000000, 0x00000000e0a80000, 0x00000000eab00000)
  object space 535040K, 99% used [0x00000000c0000000,0x00000000e0a58e68,0x00000000e0a80000)
 Metaspace       used 73277K, committed 74816K, reserved 1179648K
  class space    used 8784K, committed 9472K, reserved 1048576K
}
Event: 131.936 GC heap after
{Heap after GC invocations=492 (full 3):
 PSYoungGen      total 3584K, used 512K [0x00000000eab00000, 0x00000000eb000000, 0x0000000100000000)
  eden space 3072K, 0% used [0x00000000eab00000,0x00000000eab00000,0x00000000eae00000)
  from space 512K, 100% used [0x00000000eae80000,0x00000000eaf00000,0x00000000eaf00000)
  to   space 1024K, 0% used [0x00000000eaf00000,0x00000000eaf00000,0x00000000eb000000)
 ParOldGen       total 535552K, used 535251K [0x00000000c0000000, 0x00000000e0b00000, 0x00000000eab00000)
  object space 535552K, 99% used [0x00000000c0000000,0x00000000e0ab4e68,0x00000000e0b00000)
 Metaspace       used 73277K, committed 74816K, reserved 1179648K
  class space    used 8784K, committed 9472K, reserved 1048576K
}
Event: 131.950 GC heap before
{Heap before GC invocations=493 (full 3):
 PSYoungGen      total 3584K, used 3575K [0x00000000eab00000, 0x00000000eb000000, 0x0000000100000000)
  eden space 3072K, 99% used [0x00000000eab00000,0x00000000eadfdc00,0x00000000eae00000)
  from space 512K, 100% used [0x00000000eae80000,0x00000000eaf00000,0x00000000eaf00000)
  to   space 1024K, 0% used [0x00000000eaf00000,0x00000000eaf00000,0x00000000eb000000)
 ParOldGen       total 535552K, used 535251K [0x00000000c0000000, 0x00000000e0b00000, 0x00000000eab00000)
  object space 535552K, 99% used [0x00000000c0000000,0x00000000e0ab4e68,0x00000000e0b00000)
 Metaspace       used 73277K, committed 74816K, reserved 1179648K
  class space    used 8784K, committed 9472K, reserved 1048576K
}
Event: 131.951 GC heap after
{Heap after GC invocations=493 (full 3):
 PSYoungGen      total 4096K, used 448K [0x00000000eab00000, 0x00000000eb000000, 0x0000000100000000)
  eden space 3072K, 0% used [0x00000000eab00000,0x00000000eab00000,0x00000000eae00000)
  from space 1024K, 43% used [0x00000000eaf00000,0x00000000eaf70000,0x00000000eb000000)
  to   space 1024K, 0% used [0x00000000eae00000,0x00000000eae00000,0x00000000eaf00000)
 ParOldGen       total 536064K, used 535691K [0x00000000c0000000, 0x00000000e0b80000, 0x00000000eab00000)
  object space 536064K, 99% used [0x00000000c0000000,0x00000000e0b22e68,0x00000000e0b80000)
 Metaspace       used 73277K, committed 74816K, reserved 1179648K
  class space    used 8784K, committed 9472K, reserved 1048576K
}
Event: 131.963 GC heap before
{Heap before GC invocations=494 (full 3):
 PSYoungGen      total 4096K, used 3520K [0x00000000eab00000, 0x00000000eb000000, 0x0000000100000000)
  eden space 3072K, 100% used [0x00000000eab00000,0x00000000eae00000,0x00000000eae00000)
  from space 1024K, 43% used [0x00000000eaf00000,0x00000000eaf70000,0x00000000eb000000)
  to   space 1024K, 0% used [0x00000000eae00000,0x00000000eae00000,0x00000000eaf00000)
 ParOldGen       total 536064K, used 535691K [0x00000000c0000000, 0x00000000e0b80000, 0x00000000eab00000)
  object space 536064K, 99% used [0x00000000c0000000,0x00000000e0b22e68,0x00000000e0b80000)
 Metaspace       used 73277K, committed 74816K, reserved 1179648K
  class space    used 8784K, committed 9472K, reserved 1048576K
}
Event: 131.966 GC heap after
{Heap after GC invocations=494 (full 3):
 PSYoungGen      total 4096K, used 480K [0x00000000eab00000, 0x00000000eaf80000, 0x0000000100000000)
  eden space 3072K, 0% used [0x00000000eab00000,0x00000000eab00000,0x00000000eae00000)
  from space 1024K, 46% used [0x00000000eae00000,0x00000000eae78000,0x00000000eaf00000)
  to   space 512K, 0% used [0x00000000eaf00000,0x00000000eaf00000,0x00000000eaf80000)
 ParOldGen       total 536064K, used 536051K [0x00000000c0000000, 0x00000000e0b80000, 0x00000000eab00000)
  object space 536064K, 99% used [0x00000000c0000000,0x00000000e0b7ce68,0x00000000e0b80000)
 Metaspace       used 73277K, committed 74816K, reserved 1179648K
  class space    used 8784K, committed 9472K, reserved 1048576K
}
Event: 131.982 GC heap before
{Heap before GC invocations=495 (full 3):
 PSYoungGen      total 4096K, used 3552K [0x00000000eab00000, 0x00000000eaf80000, 0x0000000100000000)
  eden space 3072K, 100% used [0x00000000eab00000,0x00000000eae00000,0x00000000eae00000)
  from space 1024K, 46% used [0x00000000eae00000,0x00000000eae78000,0x00000000eaf00000)
  to   space 512K, 0% used [0x00000000eaf00000,0x00000000eaf00000,0x00000000eaf80000)
 ParOldGen       total 536064K, used 536051K [0x00000000c0000000, 0x00000000e0b80000, 0x00000000eab00000)
  object space 536064K, 99% used [0x00000000c0000000,0x00000000e0b7ce68,0x00000000e0b80000)
 Metaspace       used 73277K, committed 74816K, reserved 1179648K
  class space    used 8784K, committed 9472K, reserved 1048576K
}
Event: 131.985 GC heap after
{Heap after GC invocations=495 (full 3):
 PSYoungGen      total 3584K, used 480K [0x00000000eab00000, 0x00000000eaf80000, 0x0000000100000000)
  eden space 3072K, 0% used [0x00000000eab00000,0x00000000eab00000,0x00000000eae00000)
  from space 512K, 93% used [0x00000000eaf00000,0x00000000eaf78000,0x00000000eaf80000)
  to   space 512K, 0% used [0x00000000eae80000,0x00000000eae80000,0x00000000eaf00000)
 ParOldGen       total 536576K, used 536451K [0x00000000c0000000, 0x00000000e0c00000, 0x00000000eab00000)
  object space 536576K, 99% used [0x00000000c0000000,0x00000000e0be0e68,0x00000000e0c00000)
 Metaspace       used 73277K, committed 74816K, reserved 1179648K
  class space    used 8784K, committed 9472K, reserved 1048576K
}
Event: 132.003 GC heap before
{Heap before GC invocations=496 (full 3):
 PSYoungGen      total 3584K, used 3552K [0x00000000eab00000, 0x00000000eaf80000, 0x0000000100000000)
  eden space 3072K, 100% used [0x00000000eab00000,0x00000000eae00000,0x00000000eae00000)
  from space 512K, 93% used [0x00000000eaf00000,0x00000000eaf78000,0x00000000eaf80000)
  to   space 512K, 0% used [0x00000000eae80000,0x00000000eae80000,0x00000000eaf00000)
 ParOldGen       total 536576K, used 536451K [0x00000000c0000000, 0x00000000e0c00000, 0x00000000eab00000)
  object space 536576K, 99% used [0x00000000c0000000,0x00000000e0be0e68,0x00000000e0c00000)
 Metaspace       used 73277K, committed 74816K, reserved 1179648K
  class space    used 8784K, committed 9472K, reserved 1048576K
}
Event: 132.006 GC heap after
{Heap after GC invocations=496 (full 3):
 PSYoungGen      total 3584K, used 512K [0x00000000eab00000, 0x00000000eb000000, 0x0000000100000000)
  eden space 3072K, 0% used [0x00000000eab00000,0x00000000eab00000,0x00000000eae00000)
  from space 512K, 100% used [0x00000000eae80000,0x00000000eaf00000,0x00000000eaf00000)
  to   space 1024K, 0% used [0x00000000eaf00000,0x00000000eaf00000,0x00000000eb000000)
 ParOldGen       total 537088K, used 536827K [0x00000000c0000000, 0x00000000e0c80000, 0x00000000eab00000)
  object space 537088K, 99% used [0x00000000c0000000,0x00000000e0c3ee68,0x00000000e0c80000)
 Metaspace       used 73277K, committed 74816K, reserved 1179648K
  class space    used 8784K, committed 9472K, reserved 1048576K
}
Event: 132.019 GC heap before
{Heap before GC invocations=497 (full 3):
 PSYoungGen      total 3584K, used 3584K [0x00000000eab00000, 0x00000000eb000000, 0x0000000100000000)
  eden space 3072K, 100% used [0x00000000eab00000,0x00000000eae00000,0x00000000eae00000)
  from space 512K, 100% used [0x00000000eae80000,0x00000000eaf00000,0x00000000eaf00000)
  to   space 1024K, 0% used [0x00000000eaf00000,0x00000000eaf00000,0x00000000eb000000)
 ParOldGen       total 537088K, used 536827K [0x00000000c0000000, 0x00000000e0c80000, 0x00000000eab00000)
  object space 537088K, 99% used [0x00000000c0000000,0x00000000e0c3ee68,0x00000000e0c80000)
 Metaspace       used 73277K, committed 74816K, reserved 1179648K
  class space    used 8784K, committed 9472K, reserved 1048576K
}
Event: 132.021 GC heap after
{Heap after GC invocations=497 (full 3):
 PSYoungGen      total 3584K, used 448K [0x00000000eab00000, 0x00000000eaf80000, 0x0000000100000000)
  eden space 3072K, 0% used [0x00000000eab00000,0x00000000eab00000,0x00000000eae00000)
  from space 512K, 87% used [0x00000000eaf00000,0x00000000eaf70000,0x00000000eaf80000)
  to   space 512K, 0% used [0x00000000eae80000,0x00000000eae80000,0x00000000eaf00000)
 ParOldGen       total 537600K, used 537227K [0x00000000c0000000, 0x00000000e0d00000, 0x00000000eab00000)
  object space 537600K, 99% used [0x00000000c0000000,0x00000000e0ca2e68,0x00000000e0d00000)
 Metaspace       used 73277K, committed 74816K, reserved 1179648K
  class space    used 8784K, committed 9472K, reserved 1048576K
}

Dll operation events (15 events):
Event: 0.010 Loaded shared library c:\Users\DELL\.vscode\extensions\redhat.java-1.42.0-win32-x64\jre\21.0.7-win32-x86_64\bin\java.dll
Event: 0.056 Loaded shared library c:\Users\DELL\.vscode\extensions\redhat.java-1.42.0-win32-x64\jre\21.0.7-win32-x86_64\bin\zip.dll
Event: 0.195 Loaded shared library C:\Users\DELL\.vscode\extensions\redhat.java-1.42.0-win32-x64\jre\21.0.7-win32-x86_64\bin\instrument.dll
Event: 0.205 Loaded shared library C:\Users\DELL\.vscode\extensions\redhat.java-1.42.0-win32-x64\jre\21.0.7-win32-x86_64\bin\net.dll
Event: 0.209 Loaded shared library C:\Users\DELL\.vscode\extensions\redhat.java-1.42.0-win32-x64\jre\21.0.7-win32-x86_64\bin\nio.dll
Event: 0.216 Loaded shared library C:\Users\DELL\.vscode\extensions\redhat.java-1.42.0-win32-x64\jre\21.0.7-win32-x86_64\bin\zip.dll
Event: 0.263 Loaded shared library C:\Users\DELL\.vscode\extensions\redhat.java-1.42.0-win32-x64\jre\21.0.7-win32-x86_64\bin\jimage.dll
Event: 0.413 Loaded shared library c:\Users\DELL\.vscode\extensions\redhat.java-1.42.0-win32-x64\jre\21.0.7-win32-x86_64\bin\verify.dll
Event: 2.322 Loaded shared library C:\Users\DELL\AppData\Roaming\Code\User\globalStorage\redhat.java\1.42.0\config_win\org.eclipse.equinox.launcher\org.eclipse.equinox.launcher.win32.win32.x86_64_1.2.1300.v20250331-1702\eclipse_11911.dll
Event: 6.874 Loaded shared library C:\Users\DELL\.vscode\extensions\redhat.java-1.42.0-win32-x64\jre\21.0.7-win32-x86_64\bin\management.dll
Event: 6.879 Loaded shared library C:\Users\DELL\.vscode\extensions\redhat.java-1.42.0-win32-x64\jre\21.0.7-win32-x86_64\bin\management_ext.dll
Event: 7.155 Loaded shared library C:\Users\DELL\AppData\Local\Temp\jna-2094529\jna7254150563268037037.dll
Event: 7.399 Loaded shared library C:\Users\DELL\.vscode\extensions\redhat.java-1.42.0-win32-x64\jre\21.0.7-win32-x86_64\bin\sunmscapi.dll
Event: 11.942 Loaded shared library C:\Users\DELL\.gradle\native\68d5fa5c4cc2d200863cafc0d521ce42e7d3e7ee720ec0a83991735586a16f82\windows-amd64\native-platform.dll
Event: 20.034 Loaded shared library C:\Users\DELL\.vscode\extensions\redhat.java-1.42.0-win32-x64\jre\21.0.7-win32-x86_64\bin\extnet.dll

Deoptimization events (20 events):
Event: 131.680 Thread 0x000002516bcd71f0 DEOPT PACKING pc=0x000002515512662a sp=0x0000009f65cfed50
Event: 131.681 Thread 0x000002516bcd71f0 DEOPT UNPACKING pc=0x000002515b254242 sp=0x0000009f65cfe2d8 mode 0
Event: 131.715 Thread 0x000002516bcd71f0 DEOPT PACKING pc=0x000002515512662a sp=0x0000009f65cfed50
Event: 131.715 Thread 0x000002516bcd71f0 DEOPT UNPACKING pc=0x000002515b254242 sp=0x0000009f65cfe2d8 mode 0
Event: 131.736 Thread 0x000002516bcd71f0 DEOPT PACKING pc=0x000002515512662a sp=0x0000009f65cfed50
Event: 131.736 Thread 0x000002516bcd71f0 DEOPT UNPACKING pc=0x000002515b254242 sp=0x0000009f65cfe2d8 mode 0
Event: 131.757 Thread 0x000002516bcd71f0 DEOPT PACKING pc=0x000002515512662a sp=0x0000009f65cfed50
Event: 131.757 Thread 0x000002516bcd71f0 DEOPT UNPACKING pc=0x000002515b254242 sp=0x0000009f65cfe2d8 mode 0
Event: 131.833 Thread 0x000002516bcd71f0 DEOPT PACKING pc=0x000002515512662a sp=0x0000009f65cfed50
Event: 131.834 Thread 0x000002516bcd71f0 DEOPT UNPACKING pc=0x000002515b254242 sp=0x0000009f65cfe2d8 mode 0
Event: 131.916 Thread 0x000002516bcd71f0 DEOPT PACKING pc=0x000002515512662a sp=0x0000009f65cfed50
Event: 131.916 Thread 0x000002516bcd71f0 DEOPT UNPACKING pc=0x000002515b254242 sp=0x0000009f65cfe2d8 mode 0
Event: 131.938 Thread 0x000002516bcd71f0 DEOPT PACKING pc=0x000002515512662a sp=0x0000009f65cfed50
Event: 131.938 Thread 0x000002516bcd71f0 DEOPT UNPACKING pc=0x000002515b254242 sp=0x0000009f65cfe2d8 mode 0
Event: 131.956 Thread 0x000002516bcd71f0 DEOPT PACKING pc=0x000002515512662a sp=0x0000009f65cfed50
Event: 131.956 Thread 0x000002516bcd71f0 DEOPT UNPACKING pc=0x000002515b254242 sp=0x0000009f65cfe2d8 mode 0
Event: 131.982 Thread 0x000002516bcd71f0 DEOPT PACKING pc=0x000002515512662a sp=0x0000009f65cfed50
Event: 131.982 Thread 0x000002516bcd71f0 DEOPT UNPACKING pc=0x000002515b254242 sp=0x0000009f65cfe2d8 mode 0
Event: 132.010 Thread 0x000002516bcd71f0 DEOPT PACKING pc=0x000002515512662a sp=0x0000009f65cfed50
Event: 132.010 Thread 0x000002516bcd71f0 DEOPT UNPACKING pc=0x000002515b254242 sp=0x0000009f65cfe2d8 mode 0

Classes loaded (20 events):
Event: 116.721 Loading class java/util/stream/DistinctOps
Event: 116.721 Loading class java/util/stream/DistinctOps done
Event: 116.721 Loading class java/util/stream/DistinctOps$1
Event: 116.721 Loading class java/util/stream/DistinctOps$1 done
Event: 116.725 Loading class java/util/stream/DistinctOps$1$2
Event: 116.726 Loading class java/util/stream/DistinctOps$1$2 done
Event: 116.979 Loading class java/io/SequenceInputStream
Event: 116.980 Loading class java/io/SequenceInputStream done
Event: 119.513 Loading class java/util/stream/ReduceOps$5
Event: 119.513 Loading class java/util/stream/ReduceOps$5 done
Event: 119.514 Loading class java/util/stream/ReduceOps$CountingSink$OfRef
Event: 119.514 Loading class java/util/stream/ReduceOps$CountingSink
Event: 119.514 Loading class java/util/stream/ReduceOps$CountingSink done
Event: 119.514 Loading class java/util/stream/ReduceOps$CountingSink$OfRef done
Event: 119.579 Loading class java/util/stream/ReduceOps$1
Event: 119.583 Loading class java/util/stream/ReduceOps$1 done
Event: 119.583 Loading class java/util/stream/ReduceOps$1ReducingSink
Event: 119.584 Loading class java/util/stream/ReduceOps$1ReducingSink done
Event: 123.888 Loading class sun/nio/fs/WindowsFileCopy
Event: 123.890 Loading class sun/nio/fs/WindowsFileCopy done

Classes unloaded (7 events):
Event: 5.985 Thread 0x0000025150b9ea20 Unloading class 0x000002510119b800 'java/lang/invoke/LambdaForm$MH+0x000002510119b800'
Event: 5.985 Thread 0x0000025150b9ea20 Unloading class 0x000002510119b400 'java/lang/invoke/LambdaForm$MH+0x000002510119b400'
Event: 5.985 Thread 0x0000025150b9ea20 Unloading class 0x000002510119b000 'java/lang/invoke/LambdaForm$MH+0x000002510119b000'
Event: 5.985 Thread 0x0000025150b9ea20 Unloading class 0x000002510119ac00 'java/lang/invoke/LambdaForm$MH+0x000002510119ac00'
Event: 5.985 Thread 0x0000025150b9ea20 Unloading class 0x000002510119a800 'java/lang/invoke/LambdaForm$BMH+0x000002510119a800'
Event: 5.985 Thread 0x0000025150b9ea20 Unloading class 0x000002510119a400 'java/lang/invoke/LambdaForm$DMH+0x000002510119a400'
Event: 5.985 Thread 0x0000025150b9ea20 Unloading class 0x0000025101199400 'java/lang/invoke/LambdaForm$DMH+0x0000025101199400'

Classes redefined (0 events):
No events

Internal exceptions (20 events):
Event: 119.585 Thread 0x000002516bcd8c30 Exception <a 'java/io/IOException'{0x00000000eab4baa0}> (0x00000000eab4baa0) 
thrown [s\src\hotspot\share\prims\jni.cpp, line 520]
Event: 123.891 Thread 0x000002516bcd71f0 Exception <a 'sun/nio/fs/WindowsException'{0x00000000eb16f890}> (0x00000000eb16f890) 
thrown [s\src\hotspot\share\prims\jni.cpp, line 520]
Event: 123.940 Thread 0x000002516de150a0 Exception <a 'java/io/IOException'{0x00000000eab01128}> (0x00000000eab01128) 
thrown [s\src\hotspot\share\prims\jni.cpp, line 520]
Event: 123.957 Thread 0x000002516de150a0 Exception <a 'java/io/IOException'{0x00000000eac25f28}> (0x00000000eac25f28) 
thrown [s\src\hotspot\share\prims\jni.cpp, line 520]
Event: 126.349 Thread 0x000002516bcd71f0 Exception <a 'sun/nio/fs/WindowsException'{0x00000000eb0aff60}> (0x00000000eb0aff60) 
thrown [s\src\hotspot\share\prims\jni.cpp, line 520]
Event: 126.369 Thread 0x000002516de150a0 Exception <a 'java/io/IOException'{0x00000000eace29c8}> (0x00000000eace29c8) 
thrown [s\src\hotspot\share\prims\jni.cpp, line 520]
Event: 126.370 Thread 0x000002516de150a0 Exception <a 'java/io/IOException'{0x00000000ead14328}> (0x00000000ead14328) 
thrown [s\src\hotspot\share\prims\jni.cpp, line 520]
Event: 131.079 Thread 0x000002516bcd71f0 Exception <a 'sun/nio/fs/WindowsException'{0x00000000ead7cc08}> (0x00000000ead7cc08) 
thrown [s\src\hotspot\share\prims\jni.cpp, line 520]
Event: 131.100 Thread 0x000002516de150a0 Exception <a 'java/io/IOException'{0x00000000eab24988}> (0x00000000eab24988) 
thrown [s\src\hotspot\share\prims\jni.cpp, line 520]
Event: 131.101 Thread 0x000002516de150a0 Exception <a 'java/io/IOException'{0x00000000eab95668}> (0x00000000eab95668) 
thrown [s\src\hotspot\share\prims\jni.cpp, line 520]
Event: 131.110 Thread 0x000002516bcd71f0 Exception <a 'sun/nio/fs/WindowsException'{0x00000000ead1f518}> (0x00000000ead1f518) 
thrown [s\src\hotspot\share\prims\jni.cpp, line 520]
Event: 131.161 Thread 0x000002516bcd71f0 Exception <a 'sun/nio/fs/WindowsException'{0x00000000ead32f68}> (0x00000000ead32f68) 
thrown [s\src\hotspot\share\prims\jni.cpp, line 520]
Event: 131.199 Thread 0x000002516bcd71f0 Exception <a 'sun/nio/fs/WindowsException'{0x00000000eab164f0}> (0x00000000eab164f0) 
thrown [s\src\hotspot\share\prims\jni.cpp, line 520]
Event: 131.219 Thread 0x000002516bcd71f0 Exception <a 'sun/nio/fs/WindowsException'{0x00000000ead0e730}> (0x00000000ead0e730) 
thrown [s\src\hotspot\share\prims\jni.cpp, line 520]
Event: 131.286 Thread 0x000002516bcd71f0 Exception <a 'sun/nio/fs/WindowsException'{0x00000000ead01a88}> (0x00000000ead01a88) 
thrown [s\src\hotspot\share\prims\jni.cpp, line 520]
Event: 131.304 Thread 0x000002516de150a0 Exception <a 'java/io/IOException'{0x00000000eadb55a0}> (0x00000000eadb55a0) 
thrown [s\src\hotspot\share\prims\jni.cpp, line 520]
Event: 131.308 Thread 0x000002516de150a0 Exception <a 'java/io/IOException'{0x00000000eab16908}> (0x00000000eab16908) 
thrown [s\src\hotspot\share\prims\jni.cpp, line 520]
Event: 131.323 Thread 0x000002516bcd71f0 Exception <a 'sun/nio/fs/WindowsException'{0x00000000eadddbf0}> (0x00000000eadddbf0) 
thrown [s\src\hotspot\share\prims\jni.cpp, line 520]
Event: 131.333 Thread 0x000002516bcd71f0 Exception <a 'sun/nio/fs/WindowsException'{0x00000000eab4d128}> (0x00000000eab4d128) 
thrown [s\src\hotspot\share\prims\jni.cpp, line 520]
Event: 131.354 Thread 0x000002516bcd71f0 Exception <a 'sun/nio/fs/WindowsException'{0x00000000eab4b160}> (0x00000000eab4b160) 
thrown [s\src\hotspot\share\prims\jni.cpp, line 520]

ZGC Phase Switch (0 events):
No events

VM Operations (20 events):
Event: 131.828 Executing VM operation: ParallelGCFailedAllocation (Allocation Failure)
Event: 131.832 Executing VM operation: ParallelGCFailedAllocation (Allocation Failure) done
Event: 131.888 Executing VM operation: ParallelGCFailedAllocation (Allocation Failure)
Event: 131.890 Executing VM operation: ParallelGCFailedAllocation (Allocation Failure) done
Event: 131.904 Executing VM operation: ParallelGCFailedAllocation (Allocation Failure)
Event: 131.906 Executing VM operation: ParallelGCFailedAllocation (Allocation Failure) done
Event: 131.919 Executing VM operation: ParallelGCFailedAllocation (Allocation Failure)
Event: 131.921 Executing VM operation: ParallelGCFailedAllocation (Allocation Failure) done
Event: 131.934 Executing VM operation: ParallelGCFailedAllocation (Allocation Failure)
Event: 131.936 Executing VM operation: ParallelGCFailedAllocation (Allocation Failure) done
Event: 131.950 Executing VM operation: ParallelGCFailedAllocation (Allocation Failure)
Event: 131.951 Executing VM operation: ParallelGCFailedAllocation (Allocation Failure) done
Event: 131.963 Executing VM operation: ParallelGCFailedAllocation (Allocation Failure)
Event: 131.966 Executing VM operation: ParallelGCFailedAllocation (Allocation Failure) done
Event: 131.982 Executing VM operation: ParallelGCFailedAllocation (Allocation Failure)
Event: 131.985 Executing VM operation: ParallelGCFailedAllocation (Allocation Failure) done
Event: 132.003 Executing VM operation: ParallelGCFailedAllocation (Allocation Failure)
Event: 132.006 Executing VM operation: ParallelGCFailedAllocation (Allocation Failure) done
Event: 132.019 Executing VM operation: ParallelGCFailedAllocation (Allocation Failure)
Event: 132.022 Executing VM operation: ParallelGCFailedAllocation (Allocation Failure) done

Memory protections (0 events):
No events

Nmethod flushes (20 events):
Event: 15.016 Thread 0x0000025150b9ea20 flushing  nmethod 0x00000251545a4b90
Event: 15.016 Thread 0x0000025150b9ea20 flushing  nmethod 0x00000251545a5010
Event: 15.016 Thread 0x0000025150b9ea20 flushing  nmethod 0x00000251545a5610
Event: 15.016 Thread 0x0000025150b9ea20 flushing  nmethod 0x00000251545a5a10
Event: 15.016 Thread 0x0000025150b9ea20 flushing  nmethod 0x00000251545a6010
Event: 15.016 Thread 0x0000025150b9ea20 flushing  nmethod 0x00000251545cf090
Event: 15.016 Thread 0x0000025150b9ea20 flushing  nmethod 0x0000025154616d90
Event: 15.016 Thread 0x0000025150b9ea20 flushing  nmethod 0x0000025154618490
Event: 15.016 Thread 0x0000025150b9ea20 flushing  nmethod 0x0000025154618a90
Event: 15.016 Thread 0x0000025150b9ea20 flushing  nmethod 0x0000025154630690
Event: 15.016 Thread 0x0000025150b9ea20 flushing  nmethod 0x0000025154631910
Event: 15.016 Thread 0x0000025150b9ea20 flushing  nmethod 0x0000025154632090
Event: 15.016 Thread 0x0000025150b9ea20 flushing  nmethod 0x0000025154632710
Event: 15.016 Thread 0x0000025150b9ea20 flushing  nmethod 0x0000025154632a10
Event: 15.016 Thread 0x0000025150b9ea20 flushing  nmethod 0x0000025154632e10
Event: 15.016 Thread 0x0000025150b9ea20 flushing  nmethod 0x0000025154633610
Event: 15.016 Thread 0x0000025150b9ea20 flushing  nmethod 0x0000025154633990
Event: 15.016 Thread 0x0000025150b9ea20 flushing  nmethod 0x0000025154634690
Event: 15.016 Thread 0x0000025150b9ea20 flushing  nmethod 0x0000025154636a90
Event: 15.016 Thread 0x0000025150b9ea20 flushing  nmethod 0x0000025154668710

Events (20 events):
Event: 115.031 Thread 0x000002516de150a0 Thread exited: 0x000002516de150a0
Event: 115.033 Thread 0x000002516de13660 Thread exited: 0x000002516de13660
Event: 115.035 Thread 0x000002516de0fb50 Thread exited: 0x000002516de0fb50
Event: 115.535 Thread 0x000002516de15730 Thread added: 0x000002516de150a0
Event: 115.590 Thread 0x000002516de150a0 Thread added: 0x000002516de0fb50
Event: 115.612 Thread 0x000002516de0fb50 Thread exited: 0x000002516de0fb50
Event: 118.600 Thread 0x000002516ba2f6d0 Thread exited: 0x000002516ba2f6d0
Event: 118.676 Thread 0x0000025164e85ac0 Thread added: 0x0000025171a78320
Event: 118.846 Thread 0x0000025171a78320 Thread exited: 0x0000025171a78320
Event: 119.062 Thread 0x0000025164e85ac0 Thread added: 0x0000025171a74ca0
Event: 121.158 Thread 0x0000025171a74ca0 Thread exited: 0x0000025171a74ca0
Event: 121.912 Thread 0x0000025164e9dad0 Thread added: 0x0000025171a77580
Event: 121.981 Thread 0x0000025171a77580 Thread added: 0x0000025171a789f0
Event: 122.564 Thread 0x0000025171a789f0 Thread exited: 0x0000025171a789f0
Event: 123.199 Thread 0x0000025171a77580 Thread exited: 0x0000025171a77580
Event: 123.250 Thread 0x0000025164e85ac0 Thread added: 0x0000025171a767e0
Event: 123.926 Thread 0x0000025171a767e0 Thread exited: 0x0000025171a767e0
Event: 125.308 Thread 0x0000025164e9dad0 Thread added: 0x0000025171a75a40
Event: 128.632 Thread 0x0000025171a75a40 Thread exited: 0x0000025171a75a40
Event: 131.960 Thread 0x0000025164e9dad0 Thread added: 0x0000025171a75a40


Dynamic libraries:
0x00007ff606200000 - 0x00007ff60620e000 	c:\Users\DELL\.vscode\extensions\redhat.java-1.42.0-win32-x64\jre\21.0.7-win32-x86_64\bin\java.exe
0x00007ffbcfb30000 - 0x00007ffbcfd27000 	C:\Windows\SYSTEM32\ntdll.dll
0x00007ffbcec00000 - 0x00007ffbcecbd000 	C:\Windows\System32\KERNEL32.DLL
0x00007ffbcd5c0000 - 0x00007ffbcd8b6000 	C:\Windows\System32\KERNELBASE.dll
0x00007ffbcd210000 - 0x00007ffbcd310000 	C:\Windows\System32\ucrtbase.dll
0x00007ffb9ec70000 - 0x00007ffb9ec88000 	c:\Users\DELL\.vscode\extensions\redhat.java-1.42.0-win32-x64\jre\21.0.7-win32-x86_64\bin\jli.dll
0x00007ffbce6a0000 - 0x00007ffbce83e000 	C:\Windows\System32\USER32.dll
0x00007ffbcd310000 - 0x00007ffbcd332000 	C:\Windows\System32\win32u.dll
0x00007ffbcf640000 - 0x00007ffbcf66c000 	C:\Windows\System32\GDI32.dll
0x00007ffbcd9e0000 - 0x00007ffbcdafa000 	C:\Windows\System32\gdi32full.dll
0x00007ffb9f5e0000 - 0x00007ffb9f5fe000 	c:\Users\DELL\.vscode\extensions\redhat.java-1.42.0-win32-x64\jre\21.0.7-win32-x86_64\bin\VCRUNTIME140.dll
0x00007ffbcd4a0000 - 0x00007ffbcd53d000 	C:\Windows\System32\msvcp_win.dll
0x00007ffbb3240000 - 0x00007ffbb34da000 	C:\Windows\WinSxS\amd64_microsoft.windows.common-controls_6595b64144ccf1df_6.0.19041.3570_none_60bb2a3971f3e41a\COMCTL32.dll
0x00007ffbcfa50000 - 0x00007ffbcfaee000 	C:\Windows\System32\msvcrt.dll
0x00007ffbcf030000 - 0x00007ffbcf060000 	C:\Windows\System32\IMM32.DLL
0x00007ffbb7730000 - 0x00007ffbb773c000 	c:\Users\DELL\.vscode\extensions\redhat.java-1.42.0-win32-x64\jre\21.0.7-win32-x86_64\bin\vcruntime140_1.dll
0x00007ffb781e0000 - 0x00007ffb7826d000 	c:\Users\DELL\.vscode\extensions\redhat.java-1.42.0-win32-x64\jre\21.0.7-win32-x86_64\bin\msvcp140.dll
0x00007ffb77450000 - 0x00007ffb781e0000 	c:\Users\DELL\.vscode\extensions\redhat.java-1.42.0-win32-x64\jre\21.0.7-win32-x86_64\bin\server\jvm.dll
0x00007ffbcf4d0000 - 0x00007ffbcf57e000 	C:\Windows\System32\ADVAPI32.dll
0x00007ffbcdb90000 - 0x00007ffbcdc2c000 	C:\Windows\System32\sechost.dll
0x00007ffbce910000 - 0x00007ffbcea36000 	C:\Windows\System32\RPCRT4.dll
0x00007ffbceb90000 - 0x00007ffbcebfb000 	C:\Windows\System32\WS2_32.dll
0x00007ffbcc960000 - 0x00007ffbcc9ab000 	C:\Windows\SYSTEM32\POWRPROF.dll
0x00007ffbb3bc0000 - 0x00007ffbb3be7000 	C:\Windows\SYSTEM32\WINMM.dll
0x00007ffbc4100000 - 0x00007ffbc410a000 	C:\Windows\SYSTEM32\VERSION.dll
0x00007ffbcc940000 - 0x00007ffbcc952000 	C:\Windows\SYSTEM32\UMPDC.dll
0x00007ffbcba40000 - 0x00007ffbcba52000 	C:\Windows\SYSTEM32\kernel.appcore.dll
0x00007ffbb7430000 - 0x00007ffbb743a000 	c:\Users\DELL\.vscode\extensions\redhat.java-1.42.0-win32-x64\jre\21.0.7-win32-x86_64\bin\jimage.dll
0x00007ffbcade0000 - 0x00007ffbcafc4000 	C:\Windows\SYSTEM32\DBGHELP.DLL
0x00007ffba34d0000 - 0x00007ffba3504000 	C:\Windows\SYSTEM32\dbgcore.DLL
0x00007ffbcdb00000 - 0x00007ffbcdb82000 	C:\Windows\System32\bcryptPrimitives.dll
0x00007ffba9a50000 - 0x00007ffba9a5f000 	c:\Users\DELL\.vscode\extensions\redhat.java-1.42.0-win32-x64\jre\21.0.7-win32-x86_64\bin\instrument.dll
0x00007ffb9e640000 - 0x00007ffb9e65f000 	c:\Users\DELL\.vscode\extensions\redhat.java-1.42.0-win32-x64\jre\21.0.7-win32-x86_64\bin\java.dll
0x00007ffbcdd60000 - 0x00007ffbce4a4000 	C:\Windows\System32\SHELL32.dll
0x00007ffbcb290000 - 0x00007ffbcba2b000 	C:\Windows\SYSTEM32\windows.storage.dll
0x00007ffbcf6f0000 - 0x00007ffbcfa44000 	C:\Windows\System32\combase.dll
0x00007ffbccc50000 - 0x00007ffbccc7d000 	C:\Windows\SYSTEM32\Wldp.dll
0x00007ffbce4b0000 - 0x00007ffbce55d000 	C:\Windows\System32\SHCORE.dll
0x00007ffbce8b0000 - 0x00007ffbce905000 	C:\Windows\System32\shlwapi.dll
0x00007ffbcd140000 - 0x00007ffbcd165000 	C:\Windows\SYSTEM32\profapi.dll
0x00007ffb91290000 - 0x00007ffb912a8000 	c:\Users\DELL\.vscode\extensions\redhat.java-1.42.0-win32-x64\jre\21.0.7-win32-x86_64\bin\zip.dll
0x00007ffbb6110000 - 0x00007ffbb6120000 	C:\Users\DELL\.vscode\extensions\redhat.java-1.42.0-win32-x64\jre\21.0.7-win32-x86_64\bin\net.dll
0x00007ffbc7d20000 - 0x00007ffbc7e2a000 	C:\Windows\SYSTEM32\WINHTTP.dll
0x00007ffbcc9b0000 - 0x00007ffbcca1a000 	C:\Windows\system32\mswsock.dll
0x00007ffb911a0000 - 0x00007ffb911b6000 	C:\Users\DELL\.vscode\extensions\redhat.java-1.42.0-win32-x64\jre\21.0.7-win32-x86_64\bin\nio.dll
0x00007ffba7e20000 - 0x00007ffba7e30000 	c:\Users\DELL\.vscode\extensions\redhat.java-1.42.0-win32-x64\jre\21.0.7-win32-x86_64\bin\verify.dll
0x00007ffbaec40000 - 0x00007ffbaec85000 	C:\Users\DELL\AppData\Roaming\Code\User\globalStorage\redhat.java\1.42.0\config_win\org.eclipse.equinox.launcher\org.eclipse.equinox.launcher.win32.win32.x86_64_1.2.1300.v20250331-1702\eclipse_11911.dll
0x00007ffbcdc30000 - 0x00007ffbcdd5b000 	C:\Windows\System32\ole32.dll
0x00007ffbccbb0000 - 0x00007ffbccbc8000 	C:\Windows\SYSTEM32\CRYPTSP.dll
0x00007ffbcc250000 - 0x00007ffbcc284000 	C:\Windows\system32\rsaenh.dll
0x00007ffbcd590000 - 0x00007ffbcd5b7000 	C:\Windows\System32\bcrypt.dll
0x00007ffbcd100000 - 0x00007ffbcd12e000 	C:\Windows\SYSTEM32\USERENV.dll
0x00007ffbccba0000 - 0x00007ffbccbac000 	C:\Windows\SYSTEM32\CRYPTBASE.dll
0x00007ffbcc630000 - 0x00007ffbcc66b000 	C:\Windows\SYSTEM32\IPHLPAPI.DLL
0x00007ffbce8a0000 - 0x00007ffbce8a8000 	C:\Windows\System32\NSI.dll
0x00007ffbb4b20000 - 0x00007ffbb4b2a000 	C:\Users\DELL\.vscode\extensions\redhat.java-1.42.0-win32-x64\jre\21.0.7-win32-x86_64\bin\management.dll
0x00007ffbb3830000 - 0x00007ffbb383b000 	C:\Users\DELL\.vscode\extensions\redhat.java-1.42.0-win32-x64\jre\21.0.7-win32-x86_64\bin\management_ext.dll
0x00007ffbcf630000 - 0x00007ffbcf638000 	C:\Windows\System32\PSAPI.DLL
0x00007ffba2f20000 - 0x00007ffba2f69000 	C:\Users\DELL\AppData\Local\Temp\jna-2094529\jna7254150563268037037.dll
0x00007ffbc50f0000 - 0x00007ffbc5107000 	C:\Windows\SYSTEM32\dhcpcsvc6.DLL
0x00007ffbc50d0000 - 0x00007ffbc50ed000 	C:\Windows\SYSTEM32\dhcpcsvc.DLL
0x00007ffbb1230000 - 0x00007ffbb123e000 	C:\Users\DELL\.vscode\extensions\redhat.java-1.42.0-win32-x64\jre\21.0.7-win32-x86_64\bin\sunmscapi.dll
0x00007ffbcd340000 - 0x00007ffbcd49d000 	C:\Windows\System32\CRYPT32.dll
0x00007ffbcccc0000 - 0x00007ffbccce7000 	C:\Windows\SYSTEM32\ncrypt.dll
0x00007ffbccc80000 - 0x00007ffbcccbb000 	C:\Windows\SYSTEM32\NTASN1.dll
0x00007ffbcc670000 - 0x00007ffbcc73a000 	C:\Windows\SYSTEM32\DNSAPI.dll
0x00007ffbbe6f0000 - 0x00007ffbbe6fa000 	C:\Windows\System32\rasadhlp.dll
0x00007ffbc86c0000 - 0x00007ffbc86e7000 	C:\Users\DELL\.gradle\native\68d5fa5c4cc2d200863cafc0d521ce42e7d3e7ee720ec0a83991735586a16f82\windows-amd64\native-platform.dll
0x00007ffbae560000 - 0x00007ffbae569000 	C:\Users\DELL\.vscode\extensions\redhat.java-1.42.0-win32-x64\jre\21.0.7-win32-x86_64\bin\extnet.dll
0x00007ffbb1120000 - 0x00007ffbb1127000 	C:\Windows\system32\wshunix.dll

dbghelp: loaded successfully - version: 4.0.5 - missing functions: none
symbol engine: initialized successfully - sym options: 0x614 - pdb path: .;c:\Users\DELL\.vscode\extensions\redhat.java-1.42.0-win32-x64\jre\21.0.7-win32-x86_64\bin;C:\Windows\SYSTEM32;C:\Windows\WinSxS\amd64_microsoft.windows.common-controls_6595b64144ccf1df_6.0.19041.3570_none_60bb2a3971f3e41a;c:\Users\DELL\.vscode\extensions\redhat.java-1.42.0-win32-x64\jre\21.0.7-win32-x86_64\bin\server;C:\Users\DELL\AppData\Roaming\Code\User\globalStorage\redhat.java\1.42.0\config_win\org.eclipse.equinox.launcher\org.eclipse.equinox.launcher.win32.win32.x86_64_1.2.1300.v20250331-1702;C:\Users\DELL\AppData\Local\Temp\jna-2094529;C:\Users\DELL\.gradle\native\68d5fa5c4cc2d200863cafc0d521ce42e7d3e7ee720ec0a83991735586a16f82\windows-amd64

VM Arguments:
jvm_args: --add-modules=ALL-SYSTEM --add-opens=java.base/java.util=ALL-UNNAMED --add-opens=java.base/java.lang=ALL-UNNAMED --add-opens=java.base/sun.nio.fs=ALL-UNNAMED -Declipse.application=org.eclipse.jdt.ls.core.id1 -Dosgi.bundles.defaultStartLevel=4 -Declipse.product=org.eclipse.jdt.ls.core.product -Djava.import.generatesMetadataFilesAtProjectRoot=false -DDetectVMInstallationsJob.disabled=true -Dfile.encoding=utf8 -XX:+UseParallelGC -XX:GCTimeRatio=4 -XX:AdaptiveSizePolicyWeight=90 -Dsun.zip.disableMemoryMapping=true -Xmx1G -Xms100m -Xlog:disable -javaagent:c:\Users\DELL\.vscode\extensions\redhat.java-1.42.0-win32-x64\lombok\lombok-1.18.36.jar -XX:+HeapDumpOnOutOfMemoryError -XX:HeapDumpPath=c:\Users\DELL\AppData\Roaming\Code\User\workspaceStorage\8016a7b3e50ae889a76997b9f3896e72\redhat.java -Daether.dependencyCollector.impl=bf 
java_command: c:\Users\DELL\.vscode\extensions\redhat.java-1.42.0-win32-x64\server\plugins\org.eclipse.equinox.launcher_1.7.0.v20250424-1814.jar -configuration c:\Users\DELL\AppData\Roaming\Code\User\globalStorage\redhat.java\1.42.0\config_win -data c:\Users\DELL\AppData\Roaming\Code\User\workspaceStorage\8016a7b3e50ae889a76997b9f3896e72\redhat.java\jdt_ws --pipe=\\.\pipe\lsp-1c20733350cd0d7a91e9e1f10c5e88ff-sock
java_class_path (initial): c:\Users\DELL\.vscode\extensions\redhat.java-1.42.0-win32-x64\server\plugins\org.eclipse.equinox.launcher_1.7.0.v20250424-1814.jar
Launcher Type: SUN_STANDARD

[Global flags]
    uintx AdaptiveSizePolicyWeight                 = 90                                        {product} {command line}
     intx CICompilerCount                          = 4                                         {product} {ergonomic}
    uintx GCTimeRatio                              = 4                                         {product} {command line}
     bool HeapDumpOnOutOfMemoryError               = true                                   {manageable} {command line}
    ccstr HeapDumpPath                             = c:\Users\DELL\AppData\Roaming\Code\User\workspaceStorage\8016a7b3e50ae889a76997b9f3896e72\redhat.java         {manageable} {command line}
   size_t InitialHeapSize                          = 104857600                                 {product} {command line}
   size_t MaxHeapSize                              = 1073741824                                {product} {command line}
   size_t MaxNewSize                               = 357564416                                 {product} {ergonomic}
   size_t MinHeapDeltaBytes                        = 524288                                    {product} {ergonomic}
   size_t MinHeapSize                              = 104857600                                 {product} {command line}
   size_t NewSize                                  = 34603008                                  {product} {ergonomic}
    uintx NonNMethodCodeHeapSize                   = 5839372                                {pd product} {ergonomic}
    uintx NonProfiledCodeHeapSize                  = 122909434                              {pd product} {ergonomic}
   size_t OldSize                                  = 70254592                                  {product} {ergonomic}
    uintx ProfiledCodeHeapSize                     = 122909434                              {pd product} {ergonomic}
    uintx ReservedCodeCacheSize                    = 251658240                              {pd product} {ergonomic}
     bool SegmentedCodeCache                       = true                                      {product} {ergonomic}
   size_t SoftMaxHeapSize                          = 1073741824                             {manageable} {ergonomic}
     bool UseCompressedOops                        = true                           {product lp64_product} {ergonomic}
     bool UseLargePagesIndividualAllocation        = false                                  {pd product} {ergonomic}
     bool UseParallelGC                            = true                                      {product} {command line}

Logging:
Log output configuration:
 #0: stdout all=off uptime,level,tags foldmultilines=false
 #1: stderr all=off uptime,level,tags foldmultilines=false

Environment Variables:
JAVA_HOME=C:\Program Files\OpenLogic\jdk-17.0.12.7-hotspot
PATH=C:\Program Files (x86)\VMware\VMware Player\bin\;C:\Windows\system32;C:\Windows;C:\Windows\System32\Wbem;C:\Windows\System32\WindowsPowerShell\v1.0\;C:\Windows\System32\OpenSSH\;C:\Program Files\dotnet\;C:\Program Files\Microsoft SQL Server\Client SDK\ODBC\170\Tools\Binn\;C:\Program Files\Git\cmd;C:\Program Files (x86)\Microsoft SQL Server\160\Tools\Binn\;C:\Program Files\Microsoft SQL Server\160\Tools\Binn\;C:\Program Files\Microsoft SQL Server\160\DTS\Binn\;C:\Program Files\Java\jdk-17\bin\;C:\Program Files (x86)\Microsoft SQL Server\160\DTS\Binn\;C:\Program Files\Microsoft SQL Server\150\Tools\Binn\;C:\Program Files (x86)\Windows Kits\10\Windows Performance Toolkit\;C:\Users\DELL\AppData\Local\Microsoft\WindowsApps;C:\Users\DELL\AppData\Local\Programs\Microsoft VS Code\bin;C:\Users\DELL\.dotnet\tools;C:\sec\flutter\bin;C:\Program Files\OpenLogic\jdk-17.0.12.7-hotspot\bin;C:\Program Files\OpenLogic\jdk-17.0.12.7-hotspot\bin;C:\Program Files (x86)\VMware\VMware Player\bin\;C:\Windows\system32;C:\Windows;C:\Windows\System32\Wbem;C:\Windows\System32\WindowsPowerShell\v1.0\;C:\Windows\System32\OpenSSH\;C:\Program Files\dotnet\;C:\Program Files\Microsoft SQL Server\Client SDK\ODBC\170\Tools\Binn\;C:\Program Files\Git\cmd;C:\Program Files (x86)\Microsoft SQL Server\160\Tools\Binn\;C:\Program Files\Microsoft SQL Server\160\Tools\Binn\;C:\Program Files\Microsoft SQL Server\160\DTS\Binn\;C:\Program Files\Java\jdk-17\bin\;C:\Program Files (x86)\Microsoft SQL Server\160\DTS\Binn\;C:\Program Files\Microsoft SQL Server\150\Tools\Binn\;C:\Program Files (x86)\Windows Kits\10\Windows Performance Toolkit\;C:\Users\DELL\AppData\Local\Microsoft\WindowsApps;C:\Users\DELL\AppData\Local\Programs\Microsoft VS Code\bin;C:\Users\DELL\.dotnet\tools;C:\sec\flutter\bin;C:\Program Files\OpenLogic\jdk-17.0.12.7-hotspot\bin;;C:\Users\DELL\AppData\Local\Programs\Microsoft VS Code\bin
USERNAME=DELL
OS=Windows_NT
PROCESSOR_IDENTIFIER=Intel64 Family 6 Model 142 Stepping 12, GenuineIntel
TMP=C:\Users\DELL\AppData\Local\Temp
TEMP=C:\Users\DELL\AppData\Local\Temp




Periodic native trim disabled

---------------  S Y S T E M  ---------------

OS:
 Windows 10 , 64 bit Build 19041 (10.0.19041.3570)
OS uptime: 6 days 6:45 hours

CPU: total 8 (initial active 8) (4 cores per cpu, 2 threads per core) family 6 model 142 stepping 12 microcode 0xde, cx8, cmov, fxsr, ht, mmx, 3dnowpref, sse, sse2, sse3, ssse3, sse4.1, sse4.2, popcnt, lzcnt, tsc, tscinvbit, avx, avx2, aes, erms, clmul, bmi1, bmi2, adx, fma, vzeroupper, clflush, clflushopt, rdtscp, f16c
Processor Information for the first 8 processors :
  Max Mhz: 1800, Current Mhz: 1600, Mhz Limit: 1584

Memory: 4k page, system-wide physical 8039M (489M free)
TotalPageFile size 16039M (AvailPageFile size 0M)
current process WorkingSet (physical memory assigned to process): 609M, peak: 609M
current process commit charge ("private bytes"): 832M, peak: 990M

vm_info: OpenJDK 64-Bit Server VM (21.0.7+6-LTS) for windows-amd64 JRE (21.0.7+6-LTS), built on 2025-04-15T00:00:00Z by "admin" with MS VC++ 17.7 (VS2022)

END.
