#
# There is insufficient memory for the Java Runtime Environment to continue.
# Native memory allocation (malloc) failed to allocate 817008 bytes for Chunk::new
# Possible reasons:
#   The system is out of physical RAM or swap space
#   The process is running with CompressedOops enabled, and the Java Heap may be blocking the growth of the native heap
# Possible solutions:
#   Reduce memory load on the system
#   Increase physical memory or swap space
#   Check if swap backing store is full
#   Decrease Java heap size (-Xmx/-Xms)
#   Decrease number of Java threads
#   Decrease Java thread stack sizes (-Xss)
#   Set larger code cache with -XX:ReservedCodeCacheSize=
#   JVM is running with Zero Based Compressed Oops mode in which the Java heap is
#     placed in the first 32GB address space. The Java Heap base address is the
#     maximum limit for the native heap growth. Please use -XX:HeapBaseMinAddress
#     to set the Java Heap base and to place the Java Heap above 32GB virtual address.
# This output file may be truncated or incomplete.
#
#  Out of Memory Error (arena.cpp:189), pid=17388, tid=13168
#
# JRE version: Java(TM) SE Runtime Environment (17.0.12+8) (build 17.0.12+8-LTS-286)
# Java VM: Java HotSpot(TM) 64-Bit Server VM (17.0.12+8-LTS-286, mixed mode, sharing, tiered, compressed oops, compressed class ptrs, g1 gc, windows-amd64)
# No core dump will be written. Minidumps are not enabled by default on client versions of Windows
#

---------------  S U M M A R Y ------------

Command Line: -XX:MaxMetaspaceSize=2G -XX:+HeapDumpOnOutOfMemoryError --add-opens=java.base/java.util=ALL-UNNAMED --add-opens=java.base/java.lang=ALL-UNNAMED --add-opens=java.base/java.lang.invoke=ALL-UNNAMED --add-opens=java.prefs/java.util.prefs=ALL-UNNAMED --add-opens=java.base/java.nio.charset=ALL-UNNAMED --add-opens=java.base/java.net=ALL-UNNAMED --add-opens=java.base/java.util.concurrent.atomic=ALL-UNNAMED -Xmx4G -Dfile.encoding=utf8 -Duser.country=US -Duser.language=en -Duser.variant -javaagent:C:\Users\DELL\.gradle\wrapper\dists\gradle-8.3-all\6en3ugtfdg5xnpx44z4qbwgas\gradle-8.3\lib\agents\gradle-instrumentation-agent-8.3.jar org.gradle.launcher.daemon.bootstrap.GradleDaemon 8.3

Host: Intel(R) Core(TM) i5-8265U CPU @ 1.60GHz, 8 cores, 7G,  Windows 10 , 64 bit Build 19041 (10.0.19041.3570)
Time: Wed May 21 08:12:13 2025 Libya Standard Time elapsed time: 28.103473 seconds (0d 0h 0m 28s)

---------------  T H R E A D  ---------------

Current thread (0x0000012e778566d0):  JavaThread "C2 CompilerThread0" daemon [_thread_in_native, id=13168, stack(0x0000002210100000,0x0000002210200000)]


Current CompileTask:
C2:  28103 4704       4       org.objectweb.asm.Frame::execute (2318 bytes)

Stack: [0x0000002210100000,0x0000002210200000]
Native frames: (J=compiled Java code, j=interpreted, Vv=VM code, C=native code)
V  [jvm.dll+0x67a04a]
V  [jvm.dll+0x7da4ed]
V  [jvm.dll+0x7dbe33]
V  [jvm.dll+0x7dc4a3]
V  [jvm.dll+0x24508f]
V  [jvm.dll+0xab773]
V  [jvm.dll+0xabd3c]
V  [jvm.dll+0x361bee]
V  [jvm.dll+0x1ba2d5]
V  [jvm.dll+0x216997]
V  [jvm.dll+0x215c6f]
V  [jvm.dll+0x1a2960]
V  [jvm.dll+0x22610b]
V  [jvm.dll+0x2242ab]
V  [jvm.dll+0x79075c]
V  [jvm.dll+0x78abea]
V  [jvm.dll+0x678f35]
C  [ucrtbase.dll+0x21bb2]
C  [KERNEL32.DLL+0x17344]
C  [ntdll.dll+0x526b1]


---------------  P R O C E S S  ---------------

Threads class SMR info:
_java_thread_list=0x0000012e41359d50, length=43, elements={
0x0000012e54a34a40, 0x0000012e7783d1c0, 0x0000012e7783df50, 0x0000012e77851ca0,
0x0000012e77852770, 0x0000012e77855150, 0x0000012e77855a20, 0x0000012e778566d0,
0x0000012e779c88c0, 0x0000012e778bdef0, 0x0000012e77a5ca30, 0x0000012e77b3cd40,
0x0000012e7cf33d80, 0x0000012e7cadadc0, 0x0000012e7df3fff0, 0x0000012e7d983020,
0x0000012e7e2d33b0, 0x0000012e7e2d3890, 0x0000012e7df2a040, 0x0000012e7c093f40,
0x0000012e7c093520, 0x0000012e7c094e70, 0x0000012e7c093a30, 0x0000012e7c5dd030,
0x0000012e7c5dee90, 0x0000012e7c5ddf60, 0x0000012e7c5e1200, 0x0000012e7c5e02d0,
0x0000012e7c5dcb20, 0x0000012e7c5dbbf0, 0x0000012e7c5e3570, 0x0000012e7c5e07e0,
0x0000012e7c5dd540, 0x0000012e7c5de470, 0x0000012e7c5e1710, 0x0000012e7c5de980,
0x0000012e7c5e2640, 0x0000012e7c5df8b0, 0x0000012e7c5df3a0, 0x0000012e7c5e1c20,
0x0000012e7c5dc610, 0x0000012e7c5e0cf0, 0x0000012e7c094450
}

Java Threads: ( => current thread )
  0x0000012e54a34a40 JavaThread "main" [_thread_blocked, id=17736, stack(0x000000220f300000,0x000000220f400000)]
  0x0000012e7783d1c0 JavaThread "Reference Handler" daemon [_thread_blocked, id=12248, stack(0x000000220fb00000,0x000000220fc00000)]
  0x0000012e7783df50 JavaThread "Finalizer" daemon [_thread_blocked, id=8672, stack(0x000000220fc00000,0x000000220fd00000)]
  0x0000012e77851ca0 JavaThread "Signal Dispatcher" daemon [_thread_blocked, id=11172, stack(0x000000220fd00000,0x000000220fe00000)]
  0x0000012e77852770 JavaThread "Attach Listener" daemon [_thread_blocked, id=6848, stack(0x000000220fe00000,0x000000220ff00000)]
  0x0000012e77855150 JavaThread "Service Thread" daemon [_thread_blocked, id=18124, stack(0x000000220ff00000,0x0000002210000000)]
  0x0000012e77855a20 JavaThread "Monitor Deflation Thread" daemon [_thread_blocked, id=15784, stack(0x0000002210000000,0x0000002210100000)]
=>0x0000012e778566d0 JavaThread "C2 CompilerThread0" daemon [_thread_in_native, id=13168, stack(0x0000002210100000,0x0000002210200000)]
  0x0000012e779c88c0 JavaThread "C1 CompilerThread0" daemon [_thread_blocked, id=4400, stack(0x0000002210200000,0x0000002210300000)]
  0x0000012e778bdef0 JavaThread "Sweeper thread" daemon [_thread_blocked, id=17928, stack(0x0000002210300000,0x0000002210400000)]
  0x0000012e77a5ca30 JavaThread "Common-Cleaner" daemon [_thread_blocked, id=12740, stack(0x0000002210400000,0x0000002210500000)]
  0x0000012e77b3cd40 JavaThread "Notification Thread" daemon [_thread_blocked, id=14612, stack(0x0000002210500000,0x0000002210600000)]
  0x0000012e7cf33d80 JavaThread "Daemon health stats" [_thread_blocked, id=18312, stack(0x0000002210c00000,0x0000002210d00000)]
  0x0000012e7cadadc0 JavaThread "Incoming local TCP Connector on port 60198" [_thread_in_native, id=14748, stack(0x0000002210800000,0x0000002210900000)]
  0x0000012e7df3fff0 JavaThread "Daemon periodic checks" [_thread_blocked, id=8136, stack(0x0000002210d00000,0x0000002210e00000)]
  0x0000012e7d983020 JavaThread "Daemon" [_thread_blocked, id=8548, stack(0x0000002210e00000,0x0000002210f00000)]
  0x0000012e7e2d33b0 JavaThread "Handler for socket connection from /127.0.0.1:60198 to /127.0.0.1:60199" [_thread_in_native, id=9860, stack(0x0000002210f00000,0x0000002211000000)]
  0x0000012e7e2d3890 JavaThread "Cancel handler" [_thread_blocked, id=12672, stack(0x0000002211000000,0x0000002211100000)]
  0x0000012e7df2a040 JavaThread "Daemon worker" [_thread_in_Java, id=17004, stack(0x0000002211100000,0x0000002211200000)]
  0x0000012e7c093f40 JavaThread "Asynchronous log dispatcher for DefaultDaemonConnection: socket connection from /127.0.0.1:60198 to /127.0.0.1:60199" [_thread_blocked, id=14096, stack(0x0000002211200000,0x0000002211300000)]
  0x0000012e7c093520 JavaThread "Stdin handler" [_thread_blocked, id=17644, stack(0x0000002211300000,0x0000002211400000)]
  0x0000012e7c094e70 JavaThread "Daemon client event forwarder" [_thread_blocked, id=7728, stack(0x0000002211400000,0x0000002211500000)]
  0x0000012e7c093a30 JavaThread "Cache worker for journal cache (C:\Users\DELL\.gradle\caches\journal-1)" [_thread_blocked, id=13472, stack(0x0000002211500000,0x0000002211600000)]
  0x0000012e7c5dd030 JavaThread "File lock request listener" [_thread_in_native, id=8460, stack(0x0000002211600000,0x0000002211700000)]
  0x0000012e7c5dee90 JavaThread "Cache worker for file hash cache (C:\Users\DELL\.gradle\caches\8.3\fileHashes)" [_thread_blocked, id=17896, stack(0x0000002211a00000,0x0000002211b00000)]
  0x0000012e7c5ddf60 JavaThread "File watcher server" daemon [_thread_in_native, id=4976, stack(0x0000002211d00000,0x0000002211e00000)]
  0x0000012e7c5e1200 JavaThread "File watcher consumer" daemon [_thread_blocked, id=18128, stack(0x0000002211e00000,0x0000002211f00000)]
  0x0000012e7c5e02d0 JavaThread "jar transforms" [_thread_blocked, id=536, stack(0x0000002211f00000,0x0000002212000000)]
  0x0000012e7c5dcb20 JavaThread "jar transforms Thread 2" [_thread_blocked, id=1636, stack(0x0000002212000000,0x0000002212100000)]
  0x0000012e7c5dbbf0 JavaThread "jar transforms Thread 3" [_thread_blocked, id=11876, stack(0x0000002212100000,0x0000002212200000)]
  0x0000012e7c5e3570 JavaThread "Cache worker for checksums cache (C:\Users\DELL\Desktop\ChatApp-flutter\chat_app\android\.gradle\8.3\checksums)" [_thread_blocked, id=9932, stack(0x0000002212300000,0x0000002212400000)]
  0x0000012e7c5e07e0 JavaThread "Cache worker for file hash cache (C:\Users\DELL\Desktop\ChatApp-flutter\chat_app\android\.gradle\8.3\fileHashes)" [_thread_blocked, id=1820, stack(0x0000002212400000,0x0000002212500000)]
  0x0000012e7c5dd540 JavaThread "Cache worker for cache directory md-supplier (C:\Users\DELL\.gradle\caches\8.3\md-supplier)" [_thread_blocked, id=18008, stack(0x0000002212500000,0x0000002212600000)]
  0x0000012e7c5de470 JavaThread "Cache worker for file content cache (C:\Users\DELL\.gradle\caches\8.3\fileContent)" [_thread_blocked, id=16140, stack(0x0000002211b00000,0x0000002211c00000)]
  0x0000012e7c5e1710 JavaThread "Cache worker for cache directory md-rule (C:\Users\DELL\.gradle\caches\8.3\md-rule)" [_thread_blocked, id=2152, stack(0x0000002211c00000,0x0000002211d00000)]
  0x0000012e7c5de980 JavaThread "Cache worker for execution history cache (C:\Users\DELL\.gradle\caches\8.3\executionHistory)" [_thread_blocked, id=18148, stack(0x0000002212600000,0x0000002212700000)]
  0x0000012e7c5e2640 JavaThread "jar transforms Thread 4" [_thread_blocked, id=17668, stack(0x0000002212700000,0x0000002212800000)]
  0x0000012e7c5df8b0 JavaThread "jar transforms Thread 5" [_thread_blocked, id=17724, stack(0x0000002212800000,0x0000002212900000)]
  0x0000012e7c5df3a0 JavaThread "jar transforms Thread 6" [_thread_blocked, id=7644, stack(0x0000002212900000,0x0000002212a00000)]
  0x0000012e7c5e1c20 JavaThread "jar transforms Thread 7" [_thread_blocked, id=13268, stack(0x0000002212a00000,0x0000002212b00000)]
  0x0000012e7c5dc610 JavaThread "jar transforms Thread 8" [_thread_blocked, id=12820, stack(0x0000002212b00000,0x0000002212c00000)]
  0x0000012e7c5e0cf0 JavaThread "Cache worker for kotlin-dsl (C:\Users\DELL\.gradle\caches\8.3\kotlin-dsl)" [_thread_blocked, id=18620, stack(0x0000002212c00000,0x0000002212d00000)]
  0x0000012e7c094450 JavaThread "Cache worker for dependencies-accessors (C:\Users\DELL\Desktop\ChatApp-flutter\chat_app\android\.gradle\8.3\dependencies-accessors)" [_thread_blocked, id=19076, stack(0x0000002212d00000,0x0000002212e00000)]

Other Threads:
  0x0000012e77834630 VMThread "VM Thread" [stack: 0x000000220fa00000,0x000000220fb00000] [id=2140]
  0x0000012e77b3d220 WatcherThread [stack: 0x0000002210600000,0x0000002210700000] [id=7132]
  0x0000012e54aa26e0 GCTaskThread "GC Thread#0" [stack: 0x000000220f500000,0x000000220f600000] [id=10276]
  0x0000012e7c593910 GCTaskThread "GC Thread#1" [stack: 0x0000002210900000,0x0000002210a00000] [id=11424]
  0x0000012e7cea74b0 GCTaskThread "GC Thread#2" [stack: 0x0000002210a00000,0x0000002210b00000] [id=7096]
  0x0000012e7cad1830 GCTaskThread "GC Thread#3" [stack: 0x0000002210b00000,0x0000002210c00000] [id=9328]
  0x0000012e7c9195c0 GCTaskThread "GC Thread#4" [stack: 0x0000002210700000,0x0000002210800000] [id=17528]
  0x0000012e7d589830 GCTaskThread "GC Thread#5" [stack: 0x0000002211700000,0x0000002211800000] [id=11480]
  0x0000012e7d589af0 GCTaskThread "GC Thread#6" [stack: 0x0000002211800000,0x0000002211900000] [id=14480]
  0x0000012e7c62b050 GCTaskThread "GC Thread#7" [stack: 0x0000002211900000,0x0000002211a00000] [id=14824]
  0x0000012e54ab3540 ConcurrentGCThread "G1 Main Marker" [stack: 0x000000220f600000,0x000000220f700000] [id=5804]
  0x0000012e54ab3e60 ConcurrentGCThread "G1 Conc#0" [stack: 0x000000220f700000,0x000000220f800000] [id=8656]
  0x0000012e7dfed420 ConcurrentGCThread "G1 Conc#1" [stack: 0x0000002212200000,0x0000002212300000] [id=15192]
  0x0000012e54afc660 ConcurrentGCThread "G1 Refine#0" [stack: 0x000000220f800000,0x000000220f900000] [id=16908]
  0x0000012e54afcfa0 ConcurrentGCThread "G1 Service" [stack: 0x000000220f900000,0x000000220fa00000] [id=3564]

Threads with active compile tasks:
C2 CompilerThread0    28142 4704       4       org.objectweb.asm.Frame::execute (2318 bytes)
C1 CompilerThread0    28142 4739   !   3       java.beans.PropertyDescriptor::findPropertyType (145 bytes)

VM state: not at safepoint (normal execution)

VM Mutex/Monitor currently owned by a thread: None

Heap address: 0x0000000700000000, size: 4096 MB, Compressed Oops mode: Zero based, Oop shift amount: 3

CDS archive(s) mapped at: [0x0000012e00000000-0x0000012e00bd0000-0x0000012e00bd0000), size 12386304, SharedBaseAddress: 0x0000012e00000000, ArchiveRelocationMode: 1.
Compressed class space mapped at: 0x0000012e01000000-0x0000012e41000000, reserved size: 1073741824
Narrow klass base: 0x0000012e00000000, Narrow klass shift: 0, Narrow klass range: 0x100000000

GC Precious Log:
 CPUs: 8 total, 8 available
 Memory: 8039M
 Large Page Support: Disabled
 NUMA Support: Disabled
 Compressed Oops: Enabled (Zero based)
 Heap Region Size: 2M
 Heap Min Capacity: 8M
 Heap Initial Capacity: 126M
 Heap Max Capacity: 4G
 Pre-touch: Disabled
 Parallel Workers: 8
 Concurrent Workers: 2
 Concurrent Refinement Workers: 8
 Periodic GC: Disabled

Heap:
 garbage-first heap   total 102400K, used 60898K [0x0000000700000000, 0x0000000800000000)
  region size 2048K, 17 young (34816K), 3 survivors (6144K)
 Metaspace       used 40345K, committed 40896K, reserved 1114112K
  class space    used 5568K, committed 5824K, reserved 1048576K

Heap Regions: E=young(eden), S=young(survivor), O=old, HS=humongous(starts), HC=humongous(continues), CS=collection set, F=free, OA=open archive, CA=closed archive, TAMS=top-at-mark-start (previous, next)
|   0|0x0000000700000000, 0x0000000700200000, 0x0000000700200000|100%|HS|  |TAMS 0x0000000700200000, 0x0000000700000000| Complete 
|   1|0x0000000700200000, 0x0000000700400000, 0x0000000700400000|100%|HC|  |TAMS 0x0000000700400000, 0x0000000700200000| Complete 
|   2|0x0000000700400000, 0x0000000700600000, 0x0000000700600000|100%| O|  |TAMS 0x0000000700600000, 0x0000000700400000| Untracked 
|   3|0x0000000700600000, 0x0000000700800000, 0x0000000700800000|100%| O|  |TAMS 0x0000000700800000, 0x0000000700600000| Untracked 
|   4|0x0000000700800000, 0x0000000700a00000, 0x0000000700a00000|100%| O|  |TAMS 0x0000000700a00000, 0x0000000700800000| Untracked 
|   5|0x0000000700a00000, 0x0000000700c00000, 0x0000000700c00000|100%| O|  |TAMS 0x0000000700c00000, 0x0000000700a00000| Untracked 
|   6|0x0000000700c00000, 0x0000000700e00000, 0x0000000700e00000|100%| O|  |TAMS 0x0000000700e00000, 0x0000000700c00000| Untracked 
|   7|0x0000000700e00000, 0x0000000701000000, 0x0000000701000000|100%| O|  |TAMS 0x0000000701000000, 0x0000000700e00000| Untracked 
|   8|0x0000000701000000, 0x0000000701200000, 0x0000000701200000|100%| O|  |TAMS 0x0000000701200000, 0x0000000701000000| Untracked 
|   9|0x0000000701200000, 0x0000000701320e00, 0x0000000701400000| 56%| O|  |TAMS 0x0000000701320e00, 0x0000000701200000| Untracked 
|  10|0x0000000701400000, 0x0000000701600000, 0x0000000701600000|100%| O|  |TAMS 0x0000000701600000, 0x0000000701400000| Untracked 
|  11|0x0000000701600000, 0x0000000701800000, 0x0000000701800000|100%| O|  |TAMS 0x0000000701800000, 0x0000000701600000| Untracked 
|  12|0x0000000701800000, 0x0000000701a00000, 0x0000000701a00000|100%| O|  |TAMS 0x0000000701a00000, 0x0000000701800000| Untracked 
|  13|0x0000000701a00000, 0x0000000701c00000, 0x0000000701c00000|100%| O|  |TAMS 0x0000000701a76200, 0x0000000701a00000| Untracked 
|  14|0x0000000701c00000, 0x0000000701c00000, 0x0000000701e00000|  0%| F|  |TAMS 0x0000000701c00000, 0x0000000701c00000| Untracked 
|  15|0x0000000701e00000, 0x0000000701e00000, 0x0000000702000000|  0%| F|  |TAMS 0x0000000701e00000, 0x0000000701e00000| Untracked 
|  16|0x0000000702000000, 0x0000000702200000, 0x0000000702200000|100%| O|  |TAMS 0x0000000702000000, 0x0000000702000000| Untracked 
|  17|0x0000000702200000, 0x0000000702400000, 0x0000000702400000|100%| O|  |TAMS 0x0000000702200000, 0x0000000702200000| Untracked 
|  18|0x0000000702400000, 0x0000000702400000, 0x0000000702600000|  0%| F|  |TAMS 0x0000000702400000, 0x0000000702400000| Untracked 
|  19|0x0000000702600000, 0x0000000702600000, 0x0000000702800000|  0%| F|  |TAMS 0x0000000702600000, 0x0000000702600000| Untracked 
|  20|0x0000000702800000, 0x0000000702800000, 0x0000000702a00000|  0%| F|  |TAMS 0x0000000702800000, 0x0000000702800000| Untracked 
|  21|0x0000000702a00000, 0x0000000702a00000, 0x0000000702c00000|  0%| F|  |TAMS 0x0000000702a00000, 0x0000000702a00000| Untracked 
|  22|0x0000000702c00000, 0x0000000702c00000, 0x0000000702e00000|  0%| F|  |TAMS 0x0000000702c00000, 0x0000000702c00000| Untracked 
|  23|0x0000000702e00000, 0x0000000702e00000, 0x0000000703000000|  0%| F|  |TAMS 0x0000000702e00000, 0x0000000702e00000| Untracked 
|  24|0x0000000703000000, 0x0000000703000000, 0x0000000703200000|  0%| F|  |TAMS 0x0000000703000000, 0x0000000703000000| Untracked 
|  25|0x0000000703200000, 0x0000000703257de0, 0x0000000703400000| 17%| S|CS|TAMS 0x0000000703200000, 0x0000000703200000| Complete 
|  26|0x0000000703400000, 0x0000000703600000, 0x0000000703600000|100%| S|CS|TAMS 0x0000000703400000, 0x0000000703400000| Complete 
|  27|0x0000000703600000, 0x0000000703800000, 0x0000000703800000|100%| S|CS|TAMS 0x0000000703600000, 0x0000000703600000| Complete 
|  28|0x0000000703800000, 0x0000000703800000, 0x0000000703a00000|  0%| F|  |TAMS 0x0000000703800000, 0x0000000703800000| Untracked 
|  29|0x0000000703a00000, 0x0000000703a00000, 0x0000000703c00000|  0%| F|  |TAMS 0x0000000703a00000, 0x0000000703a00000| Untracked 
|  30|0x0000000703c00000, 0x0000000703c00000, 0x0000000703e00000|  0%| F|  |TAMS 0x0000000703c00000, 0x0000000703c00000| Untracked 
|  31|0x0000000703e00000, 0x0000000703e00000, 0x0000000704000000|  0%| F|  |TAMS 0x0000000703e00000, 0x0000000703e00000| Untracked 
|  32|0x0000000704000000, 0x0000000704000000, 0x0000000704200000|  0%| F|  |TAMS 0x0000000704000000, 0x0000000704000000| Untracked 
|  33|0x0000000704200000, 0x0000000704200000, 0x0000000704400000|  0%| F|  |TAMS 0x0000000704200000, 0x0000000704200000| Untracked 
|  34|0x0000000704400000, 0x0000000704400000, 0x0000000704600000|  0%| F|  |TAMS 0x0000000704400000, 0x0000000704400000| Untracked 
|  35|0x0000000704600000, 0x0000000704600000, 0x0000000704800000|  0%| F|  |TAMS 0x0000000704600000, 0x0000000704600000| Untracked 
|  36|0x0000000704800000, 0x0000000704a00000, 0x0000000704a00000|100%| E|  |TAMS 0x0000000704800000, 0x0000000704800000| Complete 
|  37|0x0000000704a00000, 0x0000000704c00000, 0x0000000704c00000|100%| E|CS|TAMS 0x0000000704a00000, 0x0000000704a00000| Complete 
|  38|0x0000000704c00000, 0x0000000704e00000, 0x0000000704e00000|100%| E|CS|TAMS 0x0000000704c00000, 0x0000000704c00000| Complete 
|  39|0x0000000704e00000, 0x0000000705000000, 0x0000000705000000|100%| E|CS|TAMS 0x0000000704e00000, 0x0000000704e00000| Complete 
|  40|0x0000000705000000, 0x0000000705200000, 0x0000000705200000|100%| E|CS|TAMS 0x0000000705000000, 0x0000000705000000| Complete 
|  41|0x0000000705200000, 0x0000000705400000, 0x0000000705400000|100%| E|CS|TAMS 0x0000000705200000, 0x0000000705200000| Complete 
|  42|0x0000000705400000, 0x0000000705600000, 0x0000000705600000|100%| E|CS|TAMS 0x0000000705400000, 0x0000000705400000| Complete 
|  43|0x0000000705600000, 0x0000000705800000, 0x0000000705800000|100%| E|CS|TAMS 0x0000000705600000, 0x0000000705600000| Complete 
|  44|0x0000000705800000, 0x0000000705a00000, 0x0000000705a00000|100%| E|CS|TAMS 0x0000000705800000, 0x0000000705800000| Complete 
|  45|0x0000000705a00000, 0x0000000705c00000, 0x0000000705c00000|100%| E|CS|TAMS 0x0000000705a00000, 0x0000000705a00000| Complete 
|  46|0x0000000705c00000, 0x0000000705e00000, 0x0000000705e00000|100%| E|CS|TAMS 0x0000000705c00000, 0x0000000705c00000| Complete 
|  47|0x0000000705e00000, 0x0000000706000000, 0x0000000706000000|100%| E|  |TAMS 0x0000000705e00000, 0x0000000705e00000| Complete 
|  48|0x0000000706000000, 0x0000000706200000, 0x0000000706200000|100%| E|CS|TAMS 0x0000000706000000, 0x0000000706000000| Complete 
|  62|0x0000000707c00000, 0x0000000707e00000, 0x0000000707e00000|100%| E|CS|TAMS 0x0000000707c00000, 0x0000000707c00000| Complete 

Card table byte_map: [0x0000012e6be30000,0x0000012e6c630000] _byte_map_base: 0x0000012e68630000

Marking Bits (Prev, Next): (CMBitMap*) 0x0000012e54aa2c10, (CMBitMap*) 0x0000012e54aa2c50
 Prev Bits: [0x0000012e6ce30000, 0x0000012e70e30000)
 Next Bits: [0x0000012e70e30000, 0x0000012e74e30000)

Polling page: 0x0000012e52a00000

Metaspace:

Usage:
  Non-class:     33.97 MB used.
      Class:      5.44 MB used.
       Both:     39.41 MB used.

Virtual space:
  Non-class space:       64.00 MB reserved,      34.25 MB ( 54%) committed,  1 nodes.
      Class space:        1.00 GB reserved,       5.69 MB ( <1%) committed,  1 nodes.
             Both:        1.06 GB reserved,      39.94 MB (  4%) committed. 

Chunk freelists:
   Non-Class:  13.48 MB
       Class:  10.23 MB
        Both:  23.72 MB

MaxMetaspaceSize: 2.00 GB
CompressedClassSpaceSize: 1.00 GB
Initial GC threshold: 21.00 MB
Current GC threshold: 59.00 MB
CDS: on
MetaspaceReclaimPolicy: balanced
 - commit_granule_bytes: 65536.
 - commit_granule_words: 8192.
 - virtual_space_node_default_size: 8388608.
 - enlarge_chunks_in_place: 1.
 - new_chunks_are_fully_committed: 0.
 - uncommit_free_chunks: 1.
 - use_allocation_guard: 0.
 - handle_deallocations: 1.


Internal statistics:

num_allocs_failed_limit: 6.
num_arena_births: 572.
num_arena_deaths: 0.
num_vsnodes_births: 2.
num_vsnodes_deaths: 0.
num_space_committed: 639.
num_space_uncommitted: 0.
num_chunks_returned_to_freelist: 6.
num_chunks_taken_from_freelist: 2069.
num_chunk_merges: 3.
num_chunk_splits: 1367.
num_chunks_enlarged: 930.
num_inconsistent_stats: 0.

CodeHeap 'non-profiled nmethods': size=120000Kb used=2073Kb max_used=2865Kb free=117926Kb
 bounds [0x0000012e63dd0000, 0x0000012e640a0000, 0x0000012e6b300000]
CodeHeap 'profiled nmethods': size=120000Kb used=8068Kb max_used=9712Kb free=111931Kb
 bounds [0x0000012e5c300000, 0x0000012e5cc80000, 0x0000012e63830000]
CodeHeap 'non-nmethods': size=5760Kb used=2311Kb max_used=2368Kb free=3449Kb
 bounds [0x0000012e63830000, 0x0000012e63aa0000, 0x0000012e63dd0000]
 total_blobs=4822 nmethods=4003 adapters=730
 compilation: enabled
              stopped_count=0, restarted_count=0
 full_count=0

Compilation events (20 events):
Event: 27.950 Thread 0x0000012e779c88c0 4722   !   3       java.io.ObjectOutputStream::writeObject0 (620 bytes)
Event: 27.957 Thread 0x0000012e779c88c0 nmethod 4722 0x0000012e5c3c9210 code [0x0000012e5c3c98a0, 0x0000012e5c3cd2b8]
Event: 27.957 Thread 0x0000012e779c88c0 4723       3       java.io.ObjectOutputStream$ReplaceTable::lookup (24 bytes)
Event: 27.957 Thread 0x0000012e779c88c0 nmethod 4723 0x0000012e5c76e490 code [0x0000012e5c76e640, 0x0000012e5c76e868]
Event: 28.013 Thread 0x0000012e779c88c0 4724       3       org.gradle.internal.logging.slf4j.OutputEventListenerBackedLogger::debug (7 bytes)
Event: 28.013 Thread 0x0000012e779c88c0 nmethod 4724 0x0000012e5c597f10 code [0x0000012e5c5980a0, 0x0000012e5c5981e8]
Event: 28.014 Thread 0x0000012e779c88c0 4725       1       org.gradle.internal.operations.BuildOperationDescriptor::getParentId (5 bytes)
Event: 28.014 Thread 0x0000012e779c88c0 nmethod 4725 0x0000012e63e2b490 code [0x0000012e63e2b620, 0x0000012e63e2b6f8]
Event: 28.021 Thread 0x0000012e779c88c0 4726       3       java.lang.invoke.DelegatingMethodHandle::rebind (8 bytes)
Event: 28.021 Thread 0x0000012e779c88c0 nmethod 4726 0x0000012e5c8b0910 code [0x0000012e5c8b0ac0, 0x0000012e5c8b0d58]
Event: 28.025 Thread 0x0000012e779c88c0 4727       3       java.lang.invoke.DirectMethodHandle$Holder::invokeStatic (21 bytes)
Event: 28.031 Thread 0x0000012e779c88c0 nmethod 4727 0x0000012e5ca5de90 code [0x0000012e5ca5e060, 0x0000012e5ca5e538]
Event: 28.031 Thread 0x0000012e779c88c0 4728       3       java.lang.StringConcatHelper::prepend (22 bytes)
Event: 28.031 Thread 0x0000012e779c88c0 nmethod 4728 0x0000012e5c8a4690 code [0x0000012e5c8a4840, 0x0000012e5c8a49d8]
Event: 28.041 Thread 0x0000012e779c88c0 4729       3       java.util.stream.Nodes::builder (8 bytes)
Event: 28.042 Thread 0x0000012e779c88c0 nmethod 4729 0x0000012e5c93e910 code [0x0000012e5c93eac0, 0x0000012e5c93eeb8]
Event: 28.042 Thread 0x0000012e779c88c0 4730       3       java.util.stream.Nodes$SpinedNodeBuilder::<init> (10 bytes)
Event: 28.042 Thread 0x0000012e779c88c0 nmethod 4730 0x0000012e5ca08f10 code [0x0000012e5ca090c0, 0x0000012e5ca093f8]
Event: 28.042 Thread 0x0000012e779c88c0 4731       3       java.util.stream.Nodes$SpinedNodeBuilder::end (29 bytes)
Event: 28.042 Thread 0x0000012e779c88c0 nmethod 4731 0x0000012e5c5dfc10 code [0x0000012e5c5dfda0, 0x0000012e5c5dfeb8]

GC Heap History (16 events):
Event: 2.232 GC heap before
{Heap before GC invocations=0 (full 0):
 garbage-first heap   total 129024K, used 26624K [0x0000000700000000, 0x0000000800000000)
  region size 2048K, 11 young (22528K), 0 survivors (0K)
 Metaspace       used 2896K, committed 3072K, reserved 1114112K
  class space    used 366K, committed 448K, reserved 1048576K
}
Event: 2.261 GC heap after
{Heap after GC invocations=1 (full 0):
 garbage-first heap   total 129024K, used 10453K [0x0000000700000000, 0x0000000800000000)
  region size 2048K, 2 young (4096K), 2 survivors (4096K)
 Metaspace       used 2896K, committed 3072K, reserved 1114112K
  class space    used 366K, committed 448K, reserved 1048576K
}
Event: 3.703 GC heap before
{Heap before GC invocations=1 (full 0):
 garbage-first heap   total 129024K, used 32981K [0x0000000700000000, 0x0000000800000000)
  region size 2048K, 14 young (28672K), 2 survivors (4096K)
 Metaspace       used 3989K, committed 4160K, reserved 1114112K
  class space    used 491K, committed 576K, reserved 1048576K
}
Event: 3.710 GC heap after
{Heap after GC invocations=2 (full 0):
 garbage-first heap   total 129024K, used 11330K [0x0000000700000000, 0x0000000800000000)
  region size 2048K, 1 young (2048K), 1 survivors (2048K)
 Metaspace       used 3989K, committed 4160K, reserved 1114112K
  class space    used 491K, committed 576K, reserved 1048576K
}
Event: 9.567 GC heap before
{Heap before GC invocations=2 (full 0):
 garbage-first heap   total 129024K, used 76866K [0x0000000700000000, 0x0000000800000000)
  region size 2048K, 34 young (69632K), 1 survivors (2048K)
 Metaspace       used 14636K, committed 14912K, reserved 1114112K
  class space    used 2044K, committed 2176K, reserved 1048576K
}
Event: 9.595 GC heap after
{Heap after GC invocations=3 (full 0):
 garbage-first heap   total 129024K, used 19696K [0x0000000700000000, 0x0000000800000000)
  region size 2048K, 5 young (10240K), 5 survivors (10240K)
 Metaspace       used 14636K, committed 14912K, reserved 1114112K
  class space    used 2044K, committed 2176K, reserved 1048576K
}
Event: 12.759 GC heap before
{Heap before GC invocations=3 (full 0):
 garbage-first heap   total 129024K, used 68848K [0x0000000700000000, 0x0000000800000000)
  region size 2048K, 31 young (63488K), 5 survivors (10240K)
 Metaspace       used 21224K, committed 21504K, reserved 1114112K
  class space    used 3109K, committed 3264K, reserved 1048576K
}
Event: 12.779 GC heap after
{Heap after GC invocations=4 (full 0):
 garbage-first heap   total 129024K, used 26075K [0x0000000700000000, 0x0000000800000000)
  region size 2048K, 4 young (8192K), 4 survivors (8192K)
 Metaspace       used 21224K, committed 21504K, reserved 1114112K
  class space    used 3109K, committed 3264K, reserved 1048576K
}
Event: 16.684 GC heap before
{Heap before GC invocations=5 (full 0):
 garbage-first heap   total 102400K, used 77275K [0x0000000700000000, 0x0000000800000000)
  region size 2048K, 30 young (61440K), 4 survivors (8192K)
 Metaspace       used 28129K, committed 28544K, reserved 1114112K
  class space    used 4150K, committed 4352K, reserved 1048576K
}
Event: 16.697 GC heap after
{Heap after GC invocations=6 (full 0):
 garbage-first heap   total 102400K, used 26934K [0x0000000700000000, 0x0000000800000000)
  region size 2048K, 2 young (4096K), 2 survivors (4096K)
 Metaspace       used 28129K, committed 28544K, reserved 1114112K
  class space    used 4150K, committed 4352K, reserved 1048576K
}
Event: 20.629 GC heap before
{Heap before GC invocations=6 (full 0):
 garbage-first heap   total 102400K, used 69942K [0x0000000700000000, 0x0000000800000000)
  region size 2048K, 24 young (49152K), 2 survivors (4096K)
 Metaspace       used 33616K, committed 34048K, reserved 1114112K
  class space    used 4716K, committed 4928K, reserved 1048576K
}
Event: 20.638 GC heap after
{Heap after GC invocations=7 (full 0):
 garbage-first heap   total 102400K, used 32348K [0x0000000700000000, 0x0000000800000000)
  region size 2048K, 3 young (6144K), 3 survivors (6144K)
 Metaspace       used 33616K, committed 34048K, reserved 1114112K
  class space    used 4716K, committed 4928K, reserved 1048576K
}
Event: 22.529 GC heap before
{Heap before GC invocations=7 (full 0):
 garbage-first heap   total 102400K, used 48732K [0x0000000700000000, 0x0000000800000000)
  region size 2048K, 10 young (20480K), 3 survivors (6144K)
 Metaspace       used 35711K, committed 36096K, reserved 1114112K
  class space    used 4899K, committed 5120K, reserved 1048576K
}
Event: 22.539 GC heap after
{Heap after GC invocations=8 (full 0):
 garbage-first heap   total 102400K, used 33910K [0x0000000700000000, 0x0000000800000000)
  region size 2048K, 1 young (2048K), 1 survivors (2048K)
 Metaspace       used 35711K, committed 36096K, reserved 1114112K
  class space    used 4899K, committed 5120K, reserved 1048576K
}
Event: 25.696 GC heap before
{Heap before GC invocations=9 (full 0):
 garbage-first heap   total 102400K, used 76918K [0x0000000700000000, 0x0000000800000000)
  region size 2048K, 22 young (45056K), 1 survivors (2048K)
 Metaspace       used 37554K, committed 38016K, reserved 1114112K
  class space    used 5202K, committed 5440K, reserved 1048576K
}
Event: 25.706 GC heap after
{Heap after GC invocations=10 (full 0):
 garbage-first heap   total 102400K, used 36322K [0x0000000700000000, 0x0000000800000000)
  region size 2048K, 3 young (6144K), 3 survivors (6144K)
 Metaspace       used 37554K, committed 38016K, reserved 1114112K
  class space    used 5202K, committed 5440K, reserved 1048576K
}

Deoptimization events (20 events):
Event: 27.855 Thread 0x0000012e7df2a040 Uncommon trap: trap_request=0xffffff45 fr.pc=0x0000012e63f7997c relative=0x000000000000079c
Event: 27.855 Thread 0x0000012e7df2a040 Uncommon trap: reason=unstable_if action=reinterpret pc=0x0000012e63f7997c method=java.util.HashMap.putVal(ILjava/lang/Object;Ljava/lang/Object;ZZ)Ljava/lang/Object; @ 109 c2
Event: 27.855 Thread 0x0000012e7df2a040 DEOPT PACKING pc=0x0000012e63f7997c sp=0x00000022111f56e0
Event: 27.855 Thread 0x0000012e7df2a040 DEOPT UNPACKING pc=0x0000012e638823a3 sp=0x00000022111f55f8 mode 2
Event: 27.856 Thread 0x0000012e7df2a040 Uncommon trap: trap_request=0xffffff45 fr.pc=0x0000012e63e45088 relative=0x0000000000000aa8
Event: 27.856 Thread 0x0000012e7df2a040 Uncommon trap: reason=unstable_if action=reinterpret pc=0x0000012e63e45088 method=java.util.HashMap.resize()[Ljava/util/HashMap$Node; @ 203 c2
Event: 27.856 Thread 0x0000012e7df2a040 DEOPT PACKING pc=0x0000012e63e45088 sp=0x00000022111f55a0
Event: 27.856 Thread 0x0000012e7df2a040 DEOPT UNPACKING pc=0x0000012e638823a3 sp=0x00000022111f5530 mode 2
Event: 27.856 Thread 0x0000012e7df2a040 Uncommon trap: trap_request=0xffffff45 fr.pc=0x0000012e63fd2908 relative=0x0000000000000268
Event: 27.856 Thread 0x0000012e7df2a040 Uncommon trap: reason=unstable_if action=reinterpret pc=0x0000012e63fd2908 method=java.util.HashMap.getNode(Ljava/lang/Object;)Ljava/util/HashMap$Node; @ 85 c2
Event: 27.856 Thread 0x0000012e7df2a040 DEOPT PACKING pc=0x0000012e63fd2908 sp=0x00000022111f5690
Event: 27.856 Thread 0x0000012e7df2a040 DEOPT UNPACKING pc=0x0000012e638823a3 sp=0x00000022111f5610 mode 2
Event: 27.856 Thread 0x0000012e7df2a040 Uncommon trap: trap_request=0xffffff45 fr.pc=0x0000012e63f6ed80 relative=0x0000000000000720
Event: 27.856 Thread 0x0000012e7df2a040 Uncommon trap: reason=unstable_if action=reinterpret pc=0x0000012e63f6ed80 method=java.util.HashMap.putVal(ILjava/lang/Object;Ljava/lang/Object;ZZ)Ljava/lang/Object; @ 109 c2
Event: 27.856 Thread 0x0000012e7df2a040 DEOPT PACKING pc=0x0000012e63f6ed80 sp=0x00000022111f5630
Event: 27.856 Thread 0x0000012e7df2a040 DEOPT UNPACKING pc=0x0000012e638823a3 sp=0x00000022111f55e8 mode 2
Event: 27.942 Thread 0x0000012e7df2a040 Uncommon trap: trap_request=0xffffffde fr.pc=0x0000012e63f17074 relative=0x00000000000002d4
Event: 27.942 Thread 0x0000012e7df2a040 Uncommon trap: reason=class_check action=maybe_recompile pc=0x0000012e63f17074 method=java.util.Collections$SetFromMap.remove(Ljava/lang/Object;)Z @ 5 c2
Event: 27.942 Thread 0x0000012e7df2a040 DEOPT PACKING pc=0x0000012e63f17074 sp=0x00000022111f80c0
Event: 27.942 Thread 0x0000012e7df2a040 DEOPT UNPACKING pc=0x0000012e638823a3 sp=0x00000022111f80a8 mode 2

Classes unloaded (0 events):
No events

Classes redefined (0 events):
No events

Internal exceptions (20 events):
Event: 24.307 Thread 0x0000012e7df2a040 Exception <a 'java/lang/NoSuchMethodError'{0x00000007042a88f0}: 'java.lang.Object java.lang.invoke.Invokers$Holder.invoker(java.lang.Object, java.lang.Object, java.lang.Object, java.lang.Object, java.lang.Object, java.lang.Object, java.lang.Object, java.lang.Object, java.lang.Object, java.lang.Object, java.lang.Object, java.lang.Object, java.lang.Object, java.lang.Object, java.lang.Object, java.lang.Object, java.lang.Object, java.lang.Object, java.lang.Object, java.lang.Object, java.lang.Object, java.lang.
Event: 24.309 Thread 0x0000012e7df2a040 Exception <a 'java/lang/NoSuchMethodError'{0x00000007042affd0}: 'java.lang.Object java.lang.invoke.DelegatingMethodHandle$Holder.delegate(java.lang.Object, java.lang.Object, java.lang.Object, java.lang.Object, java.lang.Object, java.lang.Object, java.lang.Object, java.lang.Object, java.lang.Object, java.lang.Object, java.lang.Object, java.lang.Object, java.lang.Object, java.lang.Object, java.lang.Object, java.lang.Object, java.lang.Object, java.lang.Object, java.lang.Object, java.lang.Object, java.lang.Obj
Event: 24.552 Thread 0x0000012e7df2a040 Exception <a 'java/lang/NoSuchMethodError'{0x000000070432a128}: 'java.lang.Object java.lang.invoke.DirectMethodHandle$Holder.invokeStatic(java.lang.Object, java.lang.Object, java.lang.Object, java.lang.Object, java.lang.Object, java.lang.Object, java.lang.Object, java.lang.Object, java.lang.Object, java.lang.Object, java.lang.Object, java.lang.Object, java.lang.Object, java.lang.Object, java.lang.Object, java.lang.Object, java.lang.Object)'> (0x000000070432a128) 
thrown [s\open\src\hotspot\share\interprete
Event: 24.560 Thread 0x0000012e7df2a040 Exception <a 'java/lang/NoSuchMethodError'{0x00000007043539e8}: 'java.lang.Object java.lang.invoke.DirectMethodHandle$Holder.invokeStatic(java.lang.Object, java.lang.Object, java.lang.Object, java.lang.Object, java.lang.Object, java.lang.Object, java.lang.Object, java.lang.Object, java.lang.Object, java.lang.Object, java.lang.Object, java.lang.Object, java.lang.Object, java.lang.Object, java.lang.Object, java.lang.Object, java.lang.Object, java.lang.Object)'> (0x00000007043539e8) 
thrown [s\open\src\hotspo
Event: 24.565 Thread 0x0000012e7df2a040 Exception <a 'java/lang/NoSuchMethodError'{0x0000000704393f28}: 'java.lang.Object java.lang.invoke.DirectMethodHandle$Holder.invokeStatic(java.lang.Object, java.lang.Object, java.lang.Object, java.lang.Object, java.lang.Object, java.lang.Object, java.lang.Object, java.lang.Object, java.lang.Object, java.lang.Object, java.lang.Object, java.lang.Object, java.lang.Object, java.lang.Object, java.lang.Object, java.lang.Object, java.lang.Object, java.lang.Object, java.lang.Object)'> (0x0000000704393f28) 
thrown 
Event: 24.579 Thread 0x0000012e7df2a040 Exception <a 'java/lang/NoSuchMethodError'{0x00000007043bf728}: 'java.lang.Object java.lang.invoke.DirectMethodHandle$Holder.invokeStatic(java.lang.Object, java.lang.Object, java.lang.Object, java.lang.Object, java.lang.Object, java.lang.Object, java.lang.Object, java.lang.Object, java.lang.Object, java.lang.Object, java.lang.Object, java.lang.Object, java.lang.Object, java.lang.Object, java.lang.Object, java.lang.Object, java.lang.Object, java.lang.Object, java.lang.Object, java.lang.Object)'> (0x00000007
Event: 24.602 Thread 0x0000012e7df2a040 Exception <a 'java/lang/NoSuchMethodError'{0x00000007043ebf88}: 'java.lang.Object java.lang.invoke.DirectMethodHandle$Holder.invokeStatic(java.lang.Object, java.lang.Object, java.lang.Object, java.lang.Object, java.lang.Object, java.lang.Object, java.lang.Object, java.lang.Object, java.lang.Object, java.lang.Object, java.lang.Object, java.lang.Object, java.lang.Object, java.lang.Object, java.lang.Object, java.lang.Object, java.lang.Object, java.lang.Object, java.lang.Object, java.lang.Object, java.lang.Obj
Event: 24.772 Thread 0x0000012e7df2a040 Exception <a 'java/lang/NoSuchMethodError'{0x0000000704019850}: 'java.lang.Object java.lang.invoke.DirectMethodHandle$Holder.invokeStatic(java.lang.Object, java.lang.Object, java.lang.Object, java.lang.Object, java.lang.Object, java.lang.Object, java.lang.Object, java.lang.Object, java.lang.Object, java.lang.Object, java.lang.Object, java.lang.Object, java.lang.Object, java.lang.Object, java.lang.Object, java.lang.Object, java.lang.Object, java.lang.Object, java.lang.Object, java.lang.Object, java.lang.Obj
Event: 24.798 Thread 0x0000012e7df2a040 Exception <a 'java/lang/NoSuchMethodError'{0x0000000704047ce0}: 'java.lang.Object java.lang.invoke.DirectMethodHandle$Holder.invokeStatic(java.lang.Object, java.lang.Object, java.lang.Object, java.lang.Object, java.lang.Object, java.lang.Object, java.lang.Object, java.lang.Object, java.lang.Object, java.lang.Object, java.lang.Object, java.lang.Object, java.lang.Object, java.lang.Object, java.lang.Object, java.lang.Object, java.lang.Object, java.lang.Object, java.lang.Object, java.lang.Object, java.lang.Obj
Event: 24.813 Thread 0x0000012e7df2a040 Exception <a 'java/lang/NoSuchMethodError'{0x0000000704077d78}: 'java.lang.Object java.lang.invoke.DirectMethodHandle$Holder.invokeStatic(java.lang.Object, java.lang.Object, java.lang.Object, java.lang.Object, java.lang.Object, java.lang.Object, java.lang.Object, java.lang.Object, java.lang.Object, java.lang.Object, java.lang.Object, java.lang.Object, java.lang.Object, java.lang.Object, java.lang.Object, java.lang.Object, java.lang.Object, java.lang.Object, java.lang.Object, java.lang.Object, java.lang.Obj
Event: 24.831 Thread 0x0000012e7df2a040 Exception <a 'java/lang/NoSuchMethodError'{0x00000007040a98f0}: 'java.lang.Object java.lang.invoke.DirectMethodHandle$Holder.invokeStatic(java.lang.Object, java.lang.Object, java.lang.Object, java.lang.Object, java.lang.Object, java.lang.Object, java.lang.Object, java.lang.Object, java.lang.Object, java.lang.Object, java.lang.Object, java.lang.Object, java.lang.Object, java.lang.Object, java.lang.Object, java.lang.Object, java.lang.Object, java.lang.Object, java.lang.Object, java.lang.Object, java.lang.Obj
Event: 26.334 Thread 0x0000012e7df2a040 Exception <a 'java/lang/IncompatibleClassChangeError'{0x0000000705d48dd8}: Found class java.lang.Object, but interface was expected> (0x0000000705d48dd8) 
thrown [s\open\src\hotspot\share\interpreter\linkResolver.cpp, line 826]
Event: 26.692 Thread 0x0000012e7df2a040 Exception <a 'java/lang/IncompatibleClassChangeError'{0x0000000705874230}: Found class java.lang.Object, but interface was expected> (0x0000000705874230) 
thrown [s\open\src\hotspot\share\interpreter\linkResolver.cpp, line 826]
Event: 26.709 Thread 0x0000012e7df2a040 Exception <a 'java/lang/NoSuchMethodError'{0x00000007058fc400}: 'void java.lang.invoke.DirectMethodHandle$Holder.invokeStatic(java.lang.Object, java.lang.Object, java.lang.Object, java.lang.Object, java.lang.Object, java.lang.Object)'> (0x00000007058fc400) 
thrown [s\open\src\hotspot\share\interpreter\linkResolver.cpp, line 759]
Event: 26.885 Thread 0x0000012e7df2a040 Exception <a 'java/lang/NoSuchMethodError'{0x000000070563b3b0}: 'int java.lang.invoke.DirectMethodHandle$Holder.invokeStaticInit(java.lang.Object, java.lang.Object, java.lang.Object, java.lang.Object, java.lang.Object)'> (0x000000070563b3b0) 
thrown [s\open\src\hotspot\share\interpreter\linkResolver.cpp, line 759]
Event: 27.403 Thread 0x0000012e7df2a040 Implicit null exception at 0x0000012e63febb6c to 0x0000012e63febc1c
Event: 27.491 Thread 0x0000012e7c094e70 Exception <a 'java/lang/NoSuchMethodError'{0x00000007050b54d8}: static Lorg/gradle/internal/build/event/types/DefaultBuildPhaseDescriptor;.<clinit>()V> (0x00000007050b54d8) 
thrown [s\open\src\hotspot\share\prims\jni.cpp, line 1112]
Event: 28.049 Thread 0x0000012e7df2a040 Exception <a 'java/lang/ClassNotFoundException'{0x000000070489b580}: org/gradle/api/internal/project/DefaultProject_DecoratedBeanInfo> (0x000000070489b580) 
thrown [s\open\src\hotspot\share\classfile\systemDictionary.cpp, line 256]
Event: 28.050 Thread 0x0000012e7df2a040 Exception <a 'java/lang/ClassNotFoundException'{0x00000007048abc80}: org/gradle/api/internal/project/DefaultProjectBeanInfo> (0x00000007048abc80) 
thrown [s\open\src\hotspot\share\classfile\systemDictionary.cpp, line 256]
Event: 28.051 Thread 0x0000012e7df2a040 Exception <a 'java/lang/ClassNotFoundException'{0x00000007048bc688}: org/gradle/api/internal/project/DefaultProjectCustomizer> (0x00000007048bc688) 
thrown [s\open\src\hotspot\share\classfile\systemDictionary.cpp, line 256]

VM Operations (20 events):
Event: 23.054 Executing VM operation: HandshakeAllThreads
Event: 23.055 Executing VM operation: HandshakeAllThreads done
Event: 24.055 Executing VM operation: Cleanup
Event: 24.057 Executing VM operation: Cleanup done
Event: 24.895 Executing VM operation: HandshakeAllThreads
Event: 25.052 Executing VM operation: HandshakeAllThreads done
Event: 25.229 Executing VM operation: HandshakeAllThreads
Event: 25.230 Executing VM operation: HandshakeAllThreads done
Event: 25.230 Executing VM operation: Cleanup
Event: 25.230 Executing VM operation: Cleanup done
Event: 25.294 Executing VM operation: HandshakeAllThreads
Event: 25.355 Executing VM operation: HandshakeAllThreads done
Event: 25.696 Executing VM operation: G1CollectForAllocation
Event: 25.706 Executing VM operation: G1CollectForAllocation done
Event: 26.339 Executing VM operation: HandshakeAllThreads
Event: 26.339 Executing VM operation: HandshakeAllThreads done
Event: 27.340 Executing VM operation: Cleanup
Event: 27.348 Executing VM operation: Cleanup done
Event: 27.624 Executing VM operation: HandshakeAllThreads
Event: 27.624 Executing VM operation: HandshakeAllThreads done

Events (20 events):
Event: 26.646 loading class java/util/stream/ReduceOps$6 done
Event: 26.646 loading class java/util/stream/ReduceOps$5ReducingSink
Event: 26.647 loading class java/util/stream/ReduceOps$5ReducingSink done
Event: 26.647 loading class java/util/stream/ReferencePipeline$4$1
Event: 26.647 loading class java/util/stream/ReferencePipeline$4$1 done
Event: 27.008 loading class jdk/internal/loader/URLClassPath$FileLoader
Event: 27.009 loading class jdk/internal/loader/URLClassPath$FileLoader done
Event: 27.011 loading class jdk/internal/loader/URLClassPath$FileLoader$1
Event: 27.011 loading class jdk/internal/loader/URLClassPath$FileLoader$1 done
Event: 27.365 loading class java/util/concurrent/atomic/AtomicReferenceFieldUpdater
Event: 27.366 loading class java/util/concurrent/atomic/AtomicReferenceFieldUpdater done
Event: 27.366 loading class java/util/concurrent/atomic/AtomicReferenceFieldUpdater$AtomicReferenceFieldUpdaterImpl
Event: 27.367 loading class java/util/concurrent/atomic/AtomicReferenceFieldUpdater$AtomicReferenceFieldUpdaterImpl done
Event: 27.367 loading class java/util/concurrent/atomic/AtomicReferenceFieldUpdater$AtomicReferenceFieldUpdaterImpl$1
Event: 27.367 loading class java/util/concurrent/atomic/AtomicReferenceFieldUpdater$AtomicReferenceFieldUpdaterImpl$1 done
Event: 27.396 loading class jdk/internal/math/FDBigInteger
Event: 27.397 loading class jdk/internal/math/FDBigInteger done
Event: 27.490 Thread 0x0000012e7c094450 Thread added: 0x0000012e7c094450
Event: 27.648 loading class java/nio/file/AtomicMoveNotSupportedException
Event: 27.648 loading class java/nio/file/AtomicMoveNotSupportedException done


Dynamic libraries:
0x00007ff6f8170000 - 0x00007ff6f8180000 	C:\Program Files\OpenLogic\jdk-17.0.12.7-hotspot\bin\java.exe
0x00007ffeb45f0000 - 0x00007ffeb47e7000 	C:\Windows\SYSTEM32\ntdll.dll
0x00007ffeb2fd0000 - 0x00007ffeb308d000 	C:\Windows\System32\KERNEL32.DLL
0x00007ffeb1ec0000 - 0x00007ffeb21b6000 	C:\Windows\System32\KERNELBASE.dll
0x00007ffeb1cd0000 - 0x00007ffeb1dd0000 	C:\Windows\System32\ucrtbase.dll
0x00007ffe77770000 - 0x00007ffe77789000 	C:\Program Files\OpenLogic\jdk-17.0.12.7-hotspot\bin\jli.dll
0x00007ffeb2f20000 - 0x00007ffeb2fce000 	C:\Windows\System32\ADVAPI32.dll
0x00007ffeb3310000 - 0x00007ffeb33ae000 	C:\Windows\System32\msvcrt.dll
0x00007ffeb3410000 - 0x00007ffeb34ac000 	C:\Windows\System32\sechost.dll
0x00007ffeb3a20000 - 0x00007ffeb3b46000 	C:\Windows\System32\RPCRT4.dll
0x00007ffeb2650000 - 0x00007ffeb27ee000 	C:\Windows\System32\USER32.dll
0x00007ffeb2270000 - 0x00007ffeb2292000 	C:\Windows\System32\win32u.dll
0x00007ffeb4580000 - 0x00007ffeb45ac000 	C:\Windows\System32\GDI32.dll
0x00007ffeb22a0000 - 0x00007ffeb23ba000 	C:\Windows\System32\gdi32full.dll
0x00007ffeb1e20000 - 0x00007ffeb1ebd000 	C:\Windows\System32\msvcp_win.dll
0x00007ffe73050000 - 0x00007ffe7306b000 	C:\Program Files\OpenLogic\jdk-17.0.12.7-hotspot\bin\VCRUNTIME140.dll
0x00007ffe971f0000 - 0x00007ffe9748a000 	C:\Windows\WinSxS\amd64_microsoft.windows.common-controls_6595b64144ccf1df_6.0.19041.3570_none_60bb2a3971f3e41a\COMCTL32.dll
0x00007ffea9cd0000 - 0x00007ffea9cda000 	C:\Windows\SYSTEM32\VERSION.dll
0x00007ffeb3b50000 - 0x00007ffeb3b80000 	C:\Windows\System32\IMM32.DLL
0x00007ffe73040000 - 0x00007ffe7304c000 	C:\Program Files\OpenLogic\jdk-17.0.12.7-hotspot\bin\vcruntime140_1.dll
0x00007ffdedc60000 - 0x00007ffdedcee000 	C:\Program Files\OpenLogic\jdk-17.0.12.7-hotspot\bin\msvcp140.dll
0x00007ffd9d500000 - 0x00007ffd9e0e0000 	C:\Program Files\OpenLogic\jdk-17.0.12.7-hotspot\bin\server\jvm.dll
0x00007ffeb2a30000 - 0x00007ffeb2a38000 	C:\Windows\System32\PSAPI.DLL
0x00007ffeabb70000 - 0x00007ffeabb79000 	C:\Windows\SYSTEM32\WSOCK32.dll
0x00007ffeb2eb0000 - 0x00007ffeb2f1b000 	C:\Windows\System32\WS2_32.dll
0x00007ffe974a0000 - 0x00007ffe974c7000 	C:\Windows\SYSTEM32\WINMM.dll
0x00007ffeafb50000 - 0x00007ffeafb62000 	C:\Windows\SYSTEM32\kernel.appcore.dll
0x00007ffe77760000 - 0x00007ffe7776a000 	C:\Program Files\OpenLogic\jdk-17.0.12.7-hotspot\bin\jimage.dll
0x00007ffea9070000 - 0x00007ffea9254000 	C:\Windows\SYSTEM32\DBGHELP.DLL
0x00007ffe8a090000 - 0x00007ffe8a0c4000 	C:\Windows\SYSTEM32\dbgcore.DLL
0x00007ffeb23f0000 - 0x00007ffeb2472000 	C:\Windows\System32\bcryptPrimitives.dll
0x00007ffe73030000 - 0x00007ffe7303e000 	C:\Program Files\OpenLogic\jdk-17.0.12.7-hotspot\bin\instrument.dll
0x00007ffe6e420000 - 0x00007ffe6e445000 	C:\Program Files\OpenLogic\jdk-17.0.12.7-hotspot\bin\java.dll
0x00007ffda9660000 - 0x00007ffda9737000 	C:\Program Files\OpenLogic\jdk-17.0.12.7-hotspot\bin\jsvml.dll
0x00007ffeb3e30000 - 0x00007ffeb4574000 	C:\Windows\System32\SHELL32.dll
0x00007ffeafd70000 - 0x00007ffeb050b000 	C:\Windows\SYSTEM32\windows.storage.dll
0x00007ffeb35a0000 - 0x00007ffeb38f4000 	C:\Windows\System32\combase.dll
0x00007ffeb1710000 - 0x00007ffeb173d000 	C:\Windows\SYSTEM32\Wldp.dll
0x00007ffeb27f0000 - 0x00007ffeb289d000 	C:\Windows\System32\SHCORE.dll
0x00007ffeb33b0000 - 0x00007ffeb3405000 	C:\Windows\System32\shlwapi.dll
0x00007ffeb1c00000 - 0x00007ffeb1c25000 	C:\Windows\SYSTEM32\profapi.dll
0x00007ffe6e400000 - 0x00007ffe6e418000 	C:\Program Files\OpenLogic\jdk-17.0.12.7-hotspot\bin\zip.dll
0x00007ffe6e290000 - 0x00007ffe6e2a9000 	C:\Program Files\OpenLogic\jdk-17.0.12.7-hotspot\bin\net.dll
0x00007ffeace20000 - 0x00007ffeacf2a000 	C:\Windows\SYSTEM32\WINHTTP.dll
0x00007ffeb1400000 - 0x00007ffeb146a000 	C:\Windows\system32\mswsock.dll
0x00007ffe6e270000 - 0x00007ffe6e286000 	C:\Program Files\OpenLogic\jdk-17.0.12.7-hotspot\bin\nio.dll
0x00007ffe73020000 - 0x00007ffe73030000 	C:\Program Files\OpenLogic\jdk-17.0.12.7-hotspot\bin\verify.dll
0x00007ffe6e3d0000 - 0x00007ffe6e3f7000 	C:\Users\DELL\.gradle\native\68d5fa5c4cc2d200863cafc0d521ce42e7d3e7ee720ec0a83991735586a16f82\windows-amd64\native-platform.dll
0x00007ffda88f0000 - 0x00007ffda8a34000 	C:\Users\DELL\.gradle\native\e376f236ea51e6404a007f0833ffe2c6e607c4080706a723a18a27aeea778392\windows-amd64\native-platform-file-events.dll
0x00007ffe6e260000 - 0x00007ffe6e26a000 	C:\Program Files\OpenLogic\jdk-17.0.12.7-hotspot\bin\management.dll
0x00007ffe60200000 - 0x00007ffe6020b000 	C:\Program Files\OpenLogic\jdk-17.0.12.7-hotspot\bin\management_ext.dll
0x00007ffeb1660000 - 0x00007ffeb1678000 	C:\Windows\SYSTEM32\CRYPTSP.dll
0x00007ffeb0d10000 - 0x00007ffeb0d44000 	C:\Windows\system32\rsaenh.dll
0x00007ffeb23c0000 - 0x00007ffeb23e7000 	C:\Windows\System32\bcrypt.dll
0x00007ffeb1b80000 - 0x00007ffeb1bae000 	C:\Windows\SYSTEM32\USERENV.dll
0x00007ffeb1680000 - 0x00007ffeb168c000 	C:\Windows\SYSTEM32\CRYPTBASE.dll
0x00007ffeb10f0000 - 0x00007ffeb112b000 	C:\Windows\SYSTEM32\IPHLPAPI.DLL
0x00007ffeb3c50000 - 0x00007ffeb3c58000 	C:\Windows\System32\NSI.dll
0x00007ffeab460000 - 0x00007ffeab477000 	C:\Windows\SYSTEM32\dhcpcsvc6.DLL
0x00007ffeaac70000 - 0x00007ffeaac8d000 	C:\Windows\SYSTEM32\dhcpcsvc.DLL
0x00007ffeb1130000 - 0x00007ffeb11fa000 	C:\Windows\SYSTEM32\DNSAPI.dll
0x00007ffe578f0000 - 0x00007ffe578fe000 	C:\Program Files\OpenLogic\jdk-17.0.12.7-hotspot\bin\sunmscapi.dll
0x00007ffeb2480000 - 0x00007ffeb25dd000 	C:\Windows\System32\CRYPT32.dll
0x00007ffeb1780000 - 0x00007ffeb17a7000 	C:\Windows\SYSTEM32\ncrypt.dll
0x00007ffeb1740000 - 0x00007ffeb177b000 	C:\Windows\SYSTEM32\NTASN1.dll
0x00007ffe8d0c0000 - 0x00007ffe8d0c7000 	C:\Windows\system32\wshunix.dll

dbghelp: loaded successfully - version: 4.0.5 - missing functions: none
symbol engine: initialized successfully - sym options: 0x614 - pdb path: .;C:\Program Files\OpenLogic\jdk-17.0.12.7-hotspot\bin;C:\Windows\SYSTEM32;C:\Windows\WinSxS\amd64_microsoft.windows.common-controls_6595b64144ccf1df_6.0.19041.3570_none_60bb2a3971f3e41a;C:\Program Files\OpenLogic\jdk-17.0.12.7-hotspot\bin\server;C:\Users\DELL\.gradle\native\68d5fa5c4cc2d200863cafc0d521ce42e7d3e7ee720ec0a83991735586a16f82\windows-amd64;C:\Users\DELL\.gradle\native\e376f236ea51e6404a007f0833ffe2c6e607c4080706a723a18a27aeea778392\windows-amd64

VM Arguments:
jvm_args: -XX:MaxMetaspaceSize=2G -XX:+HeapDumpOnOutOfMemoryError --add-opens=java.base/java.util=ALL-UNNAMED --add-opens=java.base/java.lang=ALL-UNNAMED --add-opens=java.base/java.lang.invoke=ALL-UNNAMED --add-opens=java.prefs/java.util.prefs=ALL-UNNAMED --add-opens=java.base/java.nio.charset=ALL-UNNAMED --add-opens=java.base/java.net=ALL-UNNAMED --add-opens=java.base/java.util.concurrent.atomic=ALL-UNNAMED -Xmx4G -Dfile.encoding=utf8 -Duser.country=US -Duser.language=en -Duser.variant -javaagent:C:\Users\DELL\.gradle\wrapper\dists\gradle-8.3-all\6en3ugtfdg5xnpx44z4qbwgas\gradle-8.3\lib\agents\gradle-instrumentation-agent-8.3.jar 
java_command: org.gradle.launcher.daemon.bootstrap.GradleDaemon 8.3
java_class_path (initial): C:\Users\DELL\.gradle\wrapper\dists\gradle-8.3-all\6en3ugtfdg5xnpx44z4qbwgas\gradle-8.3\lib\gradle-launcher-8.3.jar
Launcher Type: SUN_STANDARD

[Global flags]
     intx CICompilerCount                          = 4                                         {product} {ergonomic}
     uint ConcGCThreads                            = 2                                         {product} {ergonomic}
     uint G1ConcRefinementThreads                  = 8                                         {product} {ergonomic}
   size_t G1HeapRegionSize                         = 2097152                                   {product} {ergonomic}
    uintx GCDrainStackTargetSize                   = 64                                        {product} {ergonomic}
     bool HeapDumpOnOutOfMemoryError               = true                                   {manageable} {command line}
   size_t InitialHeapSize                          = 132120576                                 {product} {ergonomic}
   size_t MarkStackSize                            = 4194304                                   {product} {ergonomic}
   size_t MaxHeapSize                              = 4294967296                                {product} {command line}
   size_t MaxMetaspaceSize                         = 2147483648                                {product} {command line}
   size_t MaxNewSize                               = 2575302656                                {product} {ergonomic}
   size_t MinHeapDeltaBytes                        = 2097152                                   {product} {ergonomic}
   size_t MinHeapSize                              = 8388608                                   {product} {ergonomic}
    uintx NonNMethodCodeHeapSize                   = 5839372                                {pd product} {ergonomic}
    uintx NonProfiledCodeHeapSize                  = 122909434                              {pd product} {ergonomic}
    uintx ProfiledCodeHeapSize                     = 122909434                              {pd product} {ergonomic}
    uintx ReservedCodeCacheSize                    = 251658240                              {pd product} {ergonomic}
     bool SegmentedCodeCache                       = true                                      {product} {ergonomic}
   size_t SoftMaxHeapSize                          = 4294967296                             {manageable} {ergonomic}
     bool UseCompressedClassPointers               = true                           {product lp64_product} {ergonomic}
     bool UseCompressedOops                        = true                           {product lp64_product} {ergonomic}
     bool UseG1GC                                  = true                                      {product} {ergonomic}
     bool UseLargePagesIndividualAllocation        = false                                  {pd product} {ergonomic}

Logging:
Log output configuration:
 #0: stdout all=warning uptime,level,tags
 #1: stderr all=off uptime,level,tags

Environment Variables:
JAVA_HOME=C:\Program Files\OpenLogic\jdk-17.0.12.7-hotspot
PATH=C:\Program Files (x86)\VMware\VMware Player\bin\;C:\Windows\system32;C:\Windows;C:\Windows\System32\Wbem;C:\Windows\System32\WindowsPowerShell\v1.0\;C:\Windows\System32\OpenSSH\;C:\Program Files\dotnet\;C:\Program Files\Microsoft SQL Server\Client SDK\ODBC\170\Tools\Binn\;C:\Program Files\Git\cmd;C:\Program Files (x86)\Microsoft SQL Server\160\Tools\Binn\;C:\Program Files\Microsoft SQL Server\160\Tools\Binn\;C:\Program Files\Microsoft SQL Server\160\DTS\Binn\;C:\Program Files\Java\jdk-17\bin\;C:\Program Files (x86)\Microsoft SQL Server\160\DTS\Binn\;C:\Program Files\Microsoft SQL Server\150\Tools\Binn\;C:\Program Files (x86)\Windows Kits\10\Windows Performance Toolkit\;C:\Users\DELL\AppData\Local\Microsoft\WindowsApps;C:\Users\DELL\AppData\Local\Programs\Microsoft VS Code\bin;C:\Users\DELL\.dotnet\tools;C:\sec\flutter\bin;C:\Program Files\OpenLogic\jdk-17.0.12.7-hotspot\bin;C:\Program Files\OpenLogic\jdk-17.0.12.7-hotspot\bin;C:\Program Files (x86)\VMware\VMware Player\bin\;C:\Windows\system32;C:\Windows;C:\Windows\System32\Wbem;C:\Windows\System32\WindowsPowerShell\v1.0\;C:\Windows\System32\OpenSSH\;C:\Program Files\dotnet\;C:\Program Files\Microsoft SQL Server\Client SDK\ODBC\170\Tools\Binn\;C:\Program Files\Git\cmd;C:\Program Files (x86)\Microsoft SQL Server\160\Tools\Binn\;C:\Program Files\Microsoft SQL Server\160\Tools\Binn\;C:\Program Files\Microsoft SQL Server\160\DTS\Binn\;C:\Program Files\Java\jdk-17\bin\;C:\Program Files (x86)\Microsoft SQL Server\160\DTS\Binn\;C:\Program Files\Microsoft SQL Server\150\Tools\Binn\;C:\Program Files (x86)\Windows Kits\10\Windows Performance Toolkit\;C:\Users\DELL\AppData\Local\Microsoft\WindowsApps;C:\Users\DELL\AppData\Local\Programs\Microsoft VS Code\bin;C:\Users\DELL\.dotnet\tools;C:\sec\flutter\bin;C:\Program Files\OpenLogic\jdk-17.0.12.7-hotspot\bin;;C:\Users\DELL\AppData\Local\Programs\Microsoft VS Code\bin
USERNAME=DELL
OS=Windows_NT
PROCESSOR_IDENTIFIER=Intel64 Family 6 Model 142 Stepping 12, GenuineIntel



---------------  S Y S T E M  ---------------

OS:
 Windows 10 , 64 bit Build 19041 (10.0.19041.3570)
OS uptime: 7 days 17:30 hours

CPU: total 8 (initial active 8) (4 cores per cpu, 2 threads per core) family 6 model 142 stepping 12 microcode 0xde, cx8, cmov, fxsr, ht, mmx, 3dnowpref, sse, sse2, sse3, ssse3, sse4.1, sse4.2, popcnt, lzcnt, tsc, tscinvbit, avx, avx2, aes, erms, clmul, bmi1, bmi2, adx, fma, vzeroupper, clflush, clflushopt

Memory: 4k page, system-wide physical 8039M (205M free)
TotalPageFile size 16467M (AvailPageFile size 3M)
current process WorkingSet (physical memory assigned to process): 241M, peak: 244M
current process commit charge ("private bytes"): 287M, peak: 309M

vm_info: Java HotSpot(TM) 64-Bit Server VM (17.0.12+8-LTS-286) for windows-amd64 JRE (17.0.12+8-LTS-286), built on Jun  5 2024 06:46:59 by "mach5one" with MS VC++ 17.6 (VS2022)

END.
